2025-07-08 14:49:40,898 - VideoDownloader - INFO - é…ç½®æ–‡ä»¶åŠ è½½æˆåŠŸ: config/settings.ini
2025-07-08 14:49:40,898 - VideoDownloader - INFO - ==================================================
2025-07-08 14:49:40,898 - VideoDownloader - INFO - è§†é¢‘ä¸‹è½½å™¨å¯åŠ¨
2025-07-08 14:49:40,898 - VideoDownloader - INFO - ==================================================
2025-07-08 14:49:40,898 - VideoDownloader - INFO - ä¾èµ–é¡¹æ£€æŸ¥é€šè¿‡
2025-07-08 14:49:40,899 - VideoDownloader - INFO - ä½¿ç”¨ä¸‹è½½ç›®å½•: C:\Users\EDY\Desktop\111\è§†é¢‘ä¸‹è½½\downloads
2025-07-08 14:49:40,902 - VideoDownloader - INFO - å¯åŠ¨GUIç•Œé¢
2025-07-08 14:49:40,934 - VideoDownloader - INFO - ä½¿ç”¨ä¸‹è½½ç›®å½•: C:\Users\EDY\Desktop\111\è§†é¢‘ä¸‹è½½\downloads
2025-07-08 14:49:46,995 - VideoDownloader - INFO - ä½¿ç”¨ä¸‹è½½ç›®å½•: C:\Users\EDY\Desktop\111\è§†é¢‘ä¸‹è½½\downloads
2025-07-08 14:49:46,996 - VideoDownloader - INFO - æ£€æµ‹åˆ°Bç«™é“¾æ¥ï¼Œä½¿ç”¨å•ä¸€mp4æ ¼å¼
2025-07-08 14:49:46,996 - VideoDownloader - INFO - å¼€å§‹ä¸‹è½½: download_1751957386995
2025-07-08 14:49:47,120 - VideoDownloader - INFO - å¼€å§‹ä¸‹è½½è§†é¢‘: https://www.bilibili.com/video/BV1DR3Cz9EXq/?share_source=copy_web&vd_source=8680443e329d3339b7d76ade65c744ef
2025-07-08 14:49:47,120 - VideoDownloader - INFO - ä¸‹è½½ç›®å½•: C:\Users\EDY\Desktop\111\è§†é¢‘ä¸‹è½½\downloads
2025-07-08 14:49:47,120 - VideoDownloader - INFO - ä½¿ç”¨æ ¼å¼é€‰æ‹©å™¨: best[ext=mp4]/worst[ext=mp4]/best
2025-07-08 14:49:47,924 - VideoDownloader - WARNING - æ— æ³•è·å–æ ¼å¼ä¿¡æ¯: [0;31mERROR:[0m [BiliBili] BV1DR3Cz9EXq: Requested format is not available. Use --list-formats for a list of available formats
2025-07-08 14:49:48,451 - VideoDownloader - ERROR - ä¸‹è½½è¿‡ç¨‹ä¸­å‡ºé”™: [0;31mERROR:[0m [BiliBili] BV1DR3Cz9EXq: Requested format is not available. Use --list-formats for a list of available formats
2025-07-08 14:49:48,452 - VideoDownloader - ERROR - ä¸‹è½½å¤±è´¥: [0;31mERROR:[0m [BiliBili] BV1DR3Cz9EXq: Requested format is not available. Use --list-formats for a list of available formats
2025-07-08 14:49:53,929 - VideoDownloader - INFO - åº”ç”¨ç¨‹åºæ­£å¸¸é€€å‡º
2025-07-08 15:14:22,638 - VideoDownloader - INFO - é…ç½®æ–‡ä»¶åŠ è½½æˆåŠŸ: config/settings.ini
2025-07-08 15:14:22,638 - VideoDownloader - INFO - ==================================================
2025-07-08 15:14:22,638 - VideoDownloader - INFO - è§†é¢‘ä¸‹è½½å™¨å¯åŠ¨
2025-07-08 15:14:22,638 - VideoDownloader - INFO - ==================================================
2025-07-08 15:14:22,638 - VideoDownloader - INFO - ä¾èµ–é¡¹æ£€æŸ¥é€šè¿‡
2025-07-08 15:14:22,638 - VideoDownloader - INFO - ä½¿ç”¨ä¸‹è½½ç›®å½•: C:\Users\EDY\Desktop\111\è§†é¢‘ä¸‹è½½\downloads
2025-07-08 15:14:22,638 - VideoDownloader - INFO - å¯åŠ¨GUIç•Œé¢
2025-07-08 15:14:22,663 - VideoDownloader - WARNING - ffmpegæœªå®‰è£…æˆ–ä¸åœ¨PATHä¸­ï¼Œå°†ä½¿ç”¨å…¼å®¹æ¨¡å¼
2025-07-08 15:14:22,673 - VideoDownloader - INFO - ä½¿ç”¨ä¸‹è½½ç›®å½•: C:\Users\EDY\Desktop\111\è§†é¢‘ä¸‹è½½\downloads
2025-07-08 15:14:35,950 - VideoDownloader - INFO - åº”ç”¨ç¨‹åºæ­£å¸¸é€€å‡º
2025-07-08 15:16:43,803 - VideoDownloader - INFO - é…ç½®æ–‡ä»¶åŠ è½½æˆåŠŸ: config/settings.ini
2025-07-08 15:16:43,803 - VideoDownloader - INFO - ==================================================
2025-07-08 15:16:43,803 - VideoDownloader - INFO - è§†é¢‘ä¸‹è½½å™¨å¯åŠ¨
2025-07-08 15:16:43,803 - VideoDownloader - INFO - ==================================================
2025-07-08 15:16:43,803 - VideoDownloader - INFO - ä¾èµ–é¡¹æ£€æŸ¥é€šè¿‡
2025-07-08 15:16:43,804 - VideoDownloader - INFO - ä½¿ç”¨ä¸‹è½½ç›®å½•: C:\Users\EDY\Desktop\111\è§†é¢‘ä¸‹è½½\downloads
2025-07-08 15:16:43,804 - VideoDownloader - INFO - å¯åŠ¨GUIç•Œé¢
2025-07-08 15:16:43,830 - VideoDownloader - WARNING - ffmpegæœªå®‰è£…æˆ–ä¸åœ¨PATHä¸­ï¼Œå°†ä½¿ç”¨å…¼å®¹æ¨¡å¼
2025-07-08 15:16:43,839 - VideoDownloader - INFO - ä½¿ç”¨ä¸‹è½½ç›®å½•: C:\Users\EDY\Desktop\111\è§†é¢‘ä¸‹è½½\downloads
2025-07-08 15:16:47,318 - VideoDownloader - INFO - åº”ç”¨ç¨‹åºæ­£å¸¸é€€å‡º
2025-07-08 15:44:49,801 - VideoDownloader - INFO - é…ç½®æ–‡ä»¶åŠ è½½æˆåŠŸ: config/settings.ini
2025-07-08 15:44:49,801 - VideoDownloader - INFO - ==================================================
2025-07-08 15:44:49,801 - VideoDownloader - INFO - è§†é¢‘ä¸‹è½½å™¨å¯åŠ¨
2025-07-08 15:44:49,801 - VideoDownloader - INFO - ==================================================
2025-07-08 15:44:49,801 - VideoDownloader - INFO - ä¾èµ–é¡¹æ£€æŸ¥é€šè¿‡
2025-07-08 15:44:49,801 - VideoDownloader - INFO - ä½¿ç”¨ä¸‹è½½ç›®å½•: C:\Users\EDY\Desktop\111\è§†é¢‘ä¸‹è½½\downloads
2025-07-08 15:44:49,802 - VideoDownloader - INFO - å¯åŠ¨GUIç•Œé¢
2025-07-08 15:44:49,842 - VideoDownloader - INFO - æ£€æµ‹åˆ°python-ffmpegåŒ…ï¼Œæ”¯æŒé«˜è´¨é‡è§†é¢‘åˆå¹¶
2025-07-08 15:44:49,861 - VideoDownloader - INFO - ä½¿ç”¨ä¸‹è½½ç›®å½•: C:\Users\EDY\Desktop\111\è§†é¢‘ä¸‹è½½\downloads
2025-07-08 15:44:57,545 - VideoDownloader - INFO - ä½¿ç”¨ä¸‹è½½ç›®å½•: C:\Users\EDY\Desktop\111\è§†é¢‘ä¸‹è½½\downloads
2025-07-08 15:44:57,545 - VideoDownloader - INFO - æ£€æµ‹åˆ°Bç«™é“¾æ¥ï¼Œä½¿ç”¨ffmpegåˆå¹¶é«˜è´¨é‡æ ¼å¼
2025-07-08 15:44:57,546 - VideoDownloader - INFO - å¼€å§‹ä¸‹è½½: download_1751960697545
2025-07-08 15:44:57,700 - VideoDownloader - INFO - å¼€å§‹ä¸‹è½½è§†é¢‘: https://www.bilibili.com/video/BV1DR3Cz9EXq/?share_source=copy_web&vd_source=8680443e329d3339b7d76ade65c744ef
2025-07-08 15:44:57,700 - VideoDownloader - INFO - ä¸‹è½½ç›®å½•: C:\Users\EDY\Desktop\111\è§†é¢‘ä¸‹è½½\downloads
2025-07-08 15:44:57,701 - VideoDownloader - INFO - ä½¿ç”¨æ ¼å¼é€‰æ‹©å™¨: bestvideo[height<=1080]+bestaudio/bestvideo[height<=720]+bestaudio/best
2025-07-08 15:44:58,491 - VideoDownloader - INFO - å¯ç”¨æ ¼å¼ç¤ºä¾‹: id:30216 res:unknownp ext:m4a, id:30232 res:unknownp ext:m4a, id:30280 res:unknownp ext:m4a, id:100046 res:360p ext:mp4, id:30011 res:360p ext:mp4
2025-07-08 15:44:59,116 - VideoDownloader - ERROR - ä¸‹è½½è¿‡ç¨‹ä¸­å‡ºé”™: [0;31mERROR:[0m You have requested merging of multiple formats but ffmpeg is not installed. Aborting due to --abort-on-error
2025-07-08 15:44:59,117 - VideoDownloader - ERROR - ä¸‹è½½å¤±è´¥: [0;31mERROR:[0m You have requested merging of multiple formats but ffmpeg is not installed. Aborting due to --abort-on-error
2025-07-08 15:45:09,479 - VideoDownloader - INFO - åº”ç”¨ç¨‹åºæ­£å¸¸é€€å‡º
2025-07-08 15:54:54,610 - VideoDownloader - INFO - é…ç½®æ–‡ä»¶åŠ è½½æˆåŠŸ: config/settings.ini
2025-07-08 15:54:54,611 - VideoDownloader - INFO - ==================================================
2025-07-08 15:54:54,611 - VideoDownloader - INFO - è§†é¢‘ä¸‹è½½å™¨å¯åŠ¨
2025-07-08 15:54:54,611 - VideoDownloader - INFO - ==================================================
2025-07-08 15:54:54,611 - VideoDownloader - INFO - ä¾èµ–é¡¹æ£€æŸ¥é€šè¿‡
2025-07-08 15:54:54,611 - VideoDownloader - INFO - ä½¿ç”¨ä¸‹è½½ç›®å½•: C:\Users\EDY\Desktop\111\è§†é¢‘ä¸‹è½½\downloads
2025-07-08 15:54:54,611 - VideoDownloader - INFO - å¯åŠ¨GUIç•Œé¢
2025-07-08 15:54:54,642 - VideoDownloader - INFO - ç³»ç»Ÿffmpegæœªå®‰è£…æˆ–ä¸åœ¨PATHä¸­
2025-07-08 15:54:54,651 - VideoDownloader - WARNING - æ£€æµ‹åˆ°python-ffmpegåŒ…ï¼Œä½†yt-dlpéœ€è¦ç³»ç»Ÿçº§ffmpegäºŒè¿›åˆ¶æ–‡ä»¶
2025-07-08 15:54:54,651 - VideoDownloader - INFO - å»ºè®®å®‰è£…: pip install ffmpeg-python æˆ–ä¸‹è½½ffmpegäºŒè¿›åˆ¶æ–‡ä»¶
2025-07-08 15:54:54,651 - VideoDownloader - WARNING - ffmpegä¸å¯ç”¨ï¼Œå°†ä½¿ç”¨å…¼å®¹æ¨¡å¼
2025-07-08 15:54:54,713 - VideoDownloader - INFO - ä½¿ç”¨ä¸‹è½½ç›®å½•: C:\Users\EDY\Desktop\111\è§†é¢‘ä¸‹è½½\downloads
2025-07-08 15:55:05,693 - VideoDownloader - INFO - åº”ç”¨ç¨‹åºæ­£å¸¸é€€å‡º
2025-07-08 16:40:09,945 - VideoDownloader - INFO - é…ç½®æ–‡ä»¶åŠ è½½æˆåŠŸ: config/settings.ini
2025-07-08 16:40:09,945 - VideoDownloader - INFO - ==================================================
2025-07-08 16:40:09,945 - VideoDownloader - INFO - è§†é¢‘ä¸‹è½½å™¨å¯åŠ¨
2025-07-08 16:40:09,946 - VideoDownloader - INFO - ==================================================
2025-07-08 16:40:09,946 - VideoDownloader - INFO - ä¾èµ–é¡¹æ£€æŸ¥é€šè¿‡
2025-07-08 16:40:09,946 - VideoDownloader - INFO - ä½¿ç”¨ä¸‹è½½ç›®å½•: C:\Users\EDY\Desktop\111\è§†é¢‘ä¸‹è½½\downloads
2025-07-08 16:40:09,946 - VideoDownloader - INFO - å¯åŠ¨GUIç•Œé¢
2025-07-08 16:40:10,069 - VideoDownloader - INFO - ç³»ç»Ÿffmpegæœªå®‰è£…æˆ–ä¸åœ¨PATHä¸­
2025-07-08 16:40:10,077 - VideoDownloader - WARNING - æ£€æµ‹åˆ°python-ffmpegåŒ…ï¼Œä½†yt-dlpéœ€è¦ç³»ç»Ÿçº§ffmpegäºŒè¿›åˆ¶æ–‡ä»¶
2025-07-08 16:40:10,077 - VideoDownloader - INFO - å»ºè®®å®‰è£…: pip install ffmpeg-python æˆ–ä¸‹è½½ffmpegäºŒè¿›åˆ¶æ–‡ä»¶
2025-07-08 16:40:10,077 - VideoDownloader - WARNING - ffmpegä¸å¯ç”¨ï¼Œå°†ä½¿ç”¨å…¼å®¹æ¨¡å¼
2025-07-08 16:40:10,110 - VideoDownloader - INFO - ä½¿ç”¨ä¸‹è½½ç›®å½•: C:\Users\EDY\Desktop\111\è§†é¢‘ä¸‹è½½\downloads
2025-07-08 16:40:15,528 - VideoDownloader - INFO - åº”ç”¨ç¨‹åºæ­£å¸¸é€€å‡º
2025-07-08 18:14:41,516 - VideoDownloader - INFO - é…ç½®æ–‡ä»¶åŠ è½½æˆåŠŸ: config/settings.ini
2025-07-08 18:14:41,517 - VideoDownloader - INFO - ==================================================
2025-07-08 18:14:41,517 - VideoDownloader - INFO - è§†é¢‘ä¸‹è½½å™¨å¯åŠ¨
2025-07-08 18:14:41,517 - VideoDownloader - INFO - ==================================================
2025-07-08 18:14:41,517 - VideoDownloader - INFO - ä¾èµ–é¡¹æ£€æŸ¥é€šè¿‡
2025-07-08 18:14:41,517 - VideoDownloader - INFO - ä½¿ç”¨ä¸‹è½½ç›®å½•: C:\Users\EDY\Desktop\111\è§†é¢‘ä¸‹è½½\downloads
2025-07-08 18:14:41,517 - VideoDownloader - INFO - å¯åŠ¨GUIç•Œé¢
2025-07-08 18:14:41,721 - VideoDownloader - INFO - æ£€æµ‹åˆ°ç³»ç»Ÿffmpegï¼Œæ”¯æŒé«˜è´¨é‡è§†é¢‘åˆå¹¶
2025-07-08 18:14:41,760 - VideoDownloader - INFO - ä½¿ç”¨ä¸‹è½½ç›®å½•: C:\Users\EDY\Desktop\111\è§†é¢‘ä¸‹è½½\downloads
2025-07-08 18:14:50,449 - VideoDownloader - INFO - ä½¿ç”¨ä¸‹è½½ç›®å½•: C:\Users\EDY\Desktop\111\è§†é¢‘ä¸‹è½½\downloads
2025-07-08 18:14:50,449 - VideoDownloader - INFO - æ£€æµ‹åˆ°Bç«™é“¾æ¥ï¼Œä½¿ç”¨ffmpegåˆå¹¶é«˜è´¨é‡æ ¼å¼
2025-07-08 18:14:50,450 - VideoDownloader - INFO - å¼€å§‹ä¸‹è½½: download_1751969690449
2025-07-08 18:14:52,554 - VideoDownloader - INFO - å¼€å§‹ä¸‹è½½è§†é¢‘: https://www.bilibili.com/video/BV1DR3Cz9EXq/?share_source=copy_web&vd_source=8680443e329d3339b7d76ade65c744ef
2025-07-08 18:14:52,555 - VideoDownloader - INFO - ä¸‹è½½ç›®å½•: C:\Users\EDY\Desktop\111\è§†é¢‘ä¸‹è½½\downloads
2025-07-08 18:14:52,555 - VideoDownloader - INFO - ä½¿ç”¨æ ¼å¼é€‰æ‹©å™¨: bestvideo[height<=1080]+bestaudio/bestvideo[height<=720]+bestaudio/best
2025-07-08 18:14:53,546 - VideoDownloader - INFO - å¯ç”¨æ ¼å¼ç¤ºä¾‹: id:30216 res:unknownp ext:m4a, id:30232 res:unknownp ext:m4a, id:30280 res:unknownp ext:m4a, id:100046 res:360p ext:mp4, id:30011 res:360p ext:mp4
2025-07-08 18:15:07,959 - VideoDownloader - INFO - ä¸‹è½½å®Œæˆ: 
2025-07-08 18:15:10,334 - VideoDownloader - INFO - ä¸‹è½½å®Œæˆ: 
2025-07-08 18:15:10,930 - VideoDownloader - INFO - ä¸‹è½½å®Œæˆ: è¿™å°±æ˜¯è¥é”€å·å¤©å¤©å¹çš„MC 2.0ï¼Ÿé…æ–¹å…¨éšæœºï¼Œè°æ¥äº†éƒ½å¾—æ‡µï¼
2025-07-08 18:15:10,931 - VideoDownloader - INFO - æ–‡ä»¶ä¿å­˜æˆåŠŸ: C:\Users\EDY\Desktop\111\è§†é¢‘ä¸‹è½½\downloads\è¿™å°±æ˜¯è¥é”€å·å¤©å¤©å¹çš„MC 2.0ï¼Ÿé…æ–¹å…¨éšæœºï¼Œè°æ¥äº†éƒ½å¾—æ‡µï¼.mp4
2025-07-08 18:16:53,007 - VideoDownloader - INFO - åº”ç”¨ç¨‹åºæ­£å¸¸é€€å‡º
2025-07-08 18:23:19,645 - VideoDownloader - INFO - é…ç½®æ–‡ä»¶åŠ è½½æˆåŠŸ: config/settings.ini
2025-07-08 18:23:19,645 - VideoDownloader - INFO - ==================================================
2025-07-08 18:23:19,645 - VideoDownloader - INFO - è§†é¢‘ä¸‹è½½å™¨å¯åŠ¨
2025-07-08 18:23:19,645 - VideoDownloader - INFO - ==================================================
2025-07-08 18:23:19,645 - VideoDownloader - INFO - ä¾èµ–é¡¹æ£€æŸ¥é€šè¿‡
2025-07-08 18:23:19,645 - VideoDownloader - INFO - ä½¿ç”¨ä¸‹è½½ç›®å½•: C:\Users\EDY\Desktop\111\è§†é¢‘ä¸‹è½½\downloads
2025-07-08 18:23:19,645 - VideoDownloader - INFO - å¯åŠ¨GUIç•Œé¢
2025-07-08 18:23:19,745 - VideoDownloader - INFO - æ£€æµ‹åˆ°ç³»ç»Ÿffmpegï¼Œæ”¯æŒé«˜è´¨é‡è§†é¢‘åˆå¹¶
2025-07-08 18:23:19,811 - VideoDownloader - INFO - ä½¿ç”¨ä¸‹è½½ç›®å½•: C:\Users\EDY\Desktop\111\è§†é¢‘ä¸‹è½½\downloads
2025-07-08 18:23:38,788 - VideoDownloader - INFO - ä½¿ç”¨ä¸‹è½½ç›®å½•: C:\Users\EDY\Desktop\111\è§†é¢‘ä¸‹è½½\downloads
2025-07-08 18:23:38,789 - VideoDownloader - INFO - æ£€æµ‹åˆ°Bç«™é“¾æ¥ï¼Œä½¿ç”¨ffmpegåˆå¹¶é«˜è´¨é‡æ ¼å¼
2025-07-08 18:23:38,789 - VideoDownloader - INFO - å¼€å§‹ä¸‹è½½: download_1751970218788
2025-07-08 18:23:38,937 - VideoDownloader - INFO - å¼€å§‹ä¸‹è½½è§†é¢‘: https://www.bilibili.com/video/BV1DR3Cz9EXq/?share_source=copy_web&vd_source=8680443e329d3339b7d76ade65c744ef
2025-07-08 18:23:38,937 - VideoDownloader - INFO - ä¸‹è½½ç›®å½•: C:\Users\EDY\Desktop\111\è§†é¢‘ä¸‹è½½\downloads
2025-07-08 18:23:38,938 - VideoDownloader - INFO - ä½¿ç”¨æ ¼å¼é€‰æ‹©å™¨: bestvideo[height<=1080]+bestaudio/bestvideo[height<=720]+bestaudio/best
2025-07-08 18:23:39,695 - VideoDownloader - INFO - å¯ç”¨æ ¼å¼ç¤ºä¾‹: id:30216 res:unknownp ext:m4a, id:30232 res:unknownp ext:m4a, id:30280 res:unknownp ext:m4a, id:100046 res:360p ext:mp4, id:30011 res:360p ext:mp4
2025-07-08 18:23:40,370 - VideoDownloader - INFO - ä¸‹è½½å®Œæˆ: è¿™å°±æ˜¯è¥é”€å·å¤©å¤©å¹çš„MC 2.0ï¼Ÿé…æ–¹å…¨éšæœºï¼Œè°æ¥äº†éƒ½å¾—æ‡µï¼
2025-07-08 18:23:40,371 - VideoDownloader - INFO - æ–‡ä»¶ä¿å­˜æˆåŠŸ: C:\Users\EDY\Desktop\111\è§†é¢‘ä¸‹è½½\downloads\è¿™å°±æ˜¯è¥é”€å·å¤©å¤©å¹çš„MC 2.0ï¼Ÿé…æ–¹å…¨éšæœºï¼Œè°æ¥äº†éƒ½å¾—æ‡µï¼.mp4
2025-07-08 18:24:17,156 - VideoDownloader - INFO - ä½¿ç”¨ä¸‹è½½ç›®å½•: C:\Users\EDY\Desktop\111\è§†é¢‘ä¸‹è½½\downloads
2025-07-08 18:24:17,157 - VideoDownloader - INFO - æ£€æµ‹åˆ°Bç«™é“¾æ¥ï¼Œä½¿ç”¨ffmpegåˆå¹¶é«˜è´¨é‡æ ¼å¼
2025-07-08 18:24:17,157 - VideoDownloader - INFO - å¼€å§‹ä¸‹è½½: download_1751970257157
2025-07-08 18:24:17,201 - VideoDownloader - INFO - å¼€å§‹ä¸‹è½½è§†é¢‘: https://www.bilibili.com/video/BV1DR3Cz9EXq/?share_source=copy_web&vd_source=8680443e329d3339b7d76ade65c744ef
2025-07-08 18:24:17,201 - VideoDownloader - INFO - ä¸‹è½½ç›®å½•: C:\Users\EDY\Desktop\111\è§†é¢‘ä¸‹è½½\downloads
2025-07-08 18:24:17,201 - VideoDownloader - INFO - ä½¿ç”¨æ ¼å¼é€‰æ‹©å™¨: bestvideo[height<=1080]+bestaudio/bestvideo[height<=720]+bestaudio/best
2025-07-08 18:24:17,943 - VideoDownloader - INFO - å¯ç”¨æ ¼å¼ç¤ºä¾‹: id:30216 res:unknownp ext:m4a, id:30232 res:unknownp ext:m4a, id:30280 res:unknownp ext:m4a, id:100046 res:360p ext:mp4, id:30011 res:360p ext:mp4
2025-07-08 18:24:25,428 - VideoDownloader - INFO - ä¸‹è½½å®Œæˆ: 
2025-07-08 18:24:26,324 - VideoDownloader - INFO - ä¸‹è½½å®Œæˆ: 
2025-07-08 18:24:26,887 - VideoDownloader - INFO - ä¸‹è½½å®Œæˆ: è¿™å°±æ˜¯è¥é”€å·å¤©å¤©å¹çš„MC 2.0ï¼Ÿé…æ–¹å…¨éšæœºï¼Œè°æ¥äº†éƒ½å¾—æ‡µï¼
2025-07-08 18:24:26,887 - VideoDownloader - INFO - æ–‡ä»¶ä¿å­˜æˆåŠŸ: C:\Users\EDY\Desktop\111\è§†é¢‘ä¸‹è½½\downloads\è¿™å°±æ˜¯è¥é”€å·å¤©å¤©å¹çš„MC 2.0ï¼Ÿé…æ–¹å…¨éšæœºï¼Œè°æ¥äº†éƒ½å¾—æ‡µï¼.mp4
2025-07-08 18:24:36,281 - VideoDownloader - INFO - åº”ç”¨ç¨‹åºæ­£å¸¸é€€å‡º
2025-07-08 18:30:12,719 - VideoDownloader - INFO - é…ç½®æ–‡ä»¶åŠ è½½æˆåŠŸ: config/settings.ini
2025-07-08 18:30:12,719 - VideoDownloader - INFO - ==================================================
2025-07-08 18:30:12,719 - VideoDownloader - INFO - è§†é¢‘ä¸‹è½½å™¨å¯åŠ¨
2025-07-08 18:30:12,719 - VideoDownloader - INFO - ==================================================
2025-07-08 18:30:12,719 - VideoDownloader - INFO - ä¾èµ–é¡¹æ£€æŸ¥é€šè¿‡
2025-07-08 18:30:12,720 - VideoDownloader - INFO - ä½¿ç”¨ä¸‹è½½ç›®å½•: C:\Users\EDY\Desktop\111\è§†é¢‘ä¸‹è½½\downloads
2025-07-08 18:30:12,720 - VideoDownloader - INFO - å¯åŠ¨GUIç•Œé¢
2025-07-08 18:30:12,817 - VideoDownloader - INFO - æ£€æµ‹åˆ°ç³»ç»Ÿffmpegï¼Œæ”¯æŒé«˜è´¨é‡è§†é¢‘åˆå¹¶
2025-07-08 18:30:12,886 - VideoDownloader - INFO - ä½¿ç”¨ä¸‹è½½ç›®å½•: C:\Users\EDY\Desktop\111\è§†é¢‘ä¸‹è½½\downloads
2025-07-08 18:32:20,105 - VideoDownloader - INFO - ä½¿ç”¨ä¸‹è½½ç›®å½•: C:\Users\EDY\Desktop\111\è§†é¢‘ä¸‹è½½\downloads
2025-07-08 18:32:20,105 - VideoDownloader - INFO - æ£€æµ‹åˆ°Bç«™é“¾æ¥ï¼Œä½¿ç”¨ffmpegåˆå¹¶é«˜è´¨é‡æ ¼å¼
2025-07-08 18:32:20,106 - VideoDownloader - INFO - å¼€å§‹ä¸‹è½½: download_1751970740105
2025-07-08 18:32:20,238 - VideoDownloader - INFO - å¼€å§‹ä¸‹è½½è§†é¢‘: https://www.bilibili.com/video/BV1rF3ez6EAK/?share_source=copy_web&vd_source=8680443e329d3339b7d76ade65c744ef
2025-07-08 18:32:20,238 - VideoDownloader - INFO - ä¸‹è½½ç›®å½•: C:\Users\EDY\Desktop\111\è§†é¢‘ä¸‹è½½\downloads
2025-07-08 18:32:20,238 - VideoDownloader - INFO - ä½¿ç”¨æ ¼å¼é€‰æ‹©å™¨: bestvideo[height<=1080]+bestaudio/bestvideo[height<=720]+bestaudio/best
2025-07-08 18:32:20,897 - VideoDownloader - INFO - å¯ç”¨æ ¼å¼ç¤ºä¾‹: id:30216 res:unknownp ext:m4a, id:30232 res:unknownp ext:m4a, id:30280 res:unknownp ext:m4a, id:100046 res:360p ext:mp4, id:30011 res:360p ext:mp4
2025-07-08 18:32:27,306 - VideoDownloader - INFO - ä¸‹è½½å®Œæˆ: 
2025-07-08 18:32:28,861 - VideoDownloader - INFO - ä¸‹è½½å®Œæˆ: 
2025-07-08 18:32:29,269 - VideoDownloader - INFO - ä¸‹è½½å®Œæˆ: ã€æ³°æ‹‰ç‘äºšã€‘å·¥å…·å¼€è’1.è¿™ä¸ªä¸–ç•Œæœ‰é‡‘å­—å¡”
2025-07-08 18:32:29,270 - VideoDownloader - INFO - æ–‡ä»¶ä¿å­˜æˆåŠŸ: C:\Users\EDY\Desktop\111\è§†é¢‘ä¸‹è½½\downloads\1..mp4
2025-07-08 18:32:29,270 - VideoDownloader - INFO - æ–‡ä»¶å·²ä¿å­˜åˆ°æŒ‡å®šç›®å½•: C:\Users\EDY\Desktop\111\è§†é¢‘ä¸‹è½½\downloads
2025-07-08 18:32:45,889 - VideoDownloader - INFO - åº”ç”¨ç¨‹åºæ­£å¸¸é€€å‡º
2025-07-08 18:34:52,962 - VideoDownloader - INFO - é…ç½®æ–‡ä»¶åŠ è½½æˆåŠŸ: config/settings.ini
2025-07-08 18:34:52,962 - VideoDownloader - INFO - ==================================================
2025-07-08 18:34:52,963 - VideoDownloader - INFO - è§†é¢‘ä¸‹è½½å™¨å¯åŠ¨
2025-07-08 18:34:52,963 - VideoDownloader - INFO - ==================================================
2025-07-08 18:34:52,963 - VideoDownloader - INFO - ä¾èµ–é¡¹æ£€æŸ¥é€šè¿‡
2025-07-08 18:34:52,963 - VideoDownloader - INFO - ä½¿ç”¨ä¸‹è½½ç›®å½•: C:\Users\EDY\Desktop\111\è§†é¢‘ä¸‹è½½\downloads
2025-07-08 18:34:52,963 - VideoDownloader - INFO - å¯åŠ¨GUIç•Œé¢
2025-07-08 18:34:53,026 - VideoDownloader - INFO - æ£€æµ‹åˆ°ç³»ç»Ÿffmpegï¼Œæ”¯æŒé«˜è´¨é‡è§†é¢‘åˆå¹¶
2025-07-08 18:34:53,090 - VideoDownloader - INFO - ä½¿ç”¨ä¸‹è½½ç›®å½•: C:\Users\EDY\Desktop\111\è§†é¢‘ä¸‹è½½\downloads
2025-07-08 18:35:16,122 - VideoDownloader - INFO - ä½¿ç”¨ä¸‹è½½ç›®å½•: C:\Users\EDY\Desktop\111\è§†é¢‘ä¸‹è½½\downloads
2025-07-08 18:35:16,123 - VideoDownloader - INFO - æ£€æµ‹åˆ°Bç«™é“¾æ¥ï¼Œä½¿ç”¨ffmpegåˆå¹¶é«˜è´¨é‡æ ¼å¼
2025-07-08 18:35:16,123 - VideoDownloader - INFO - å¼€å§‹ä¸‹è½½: download_1751970916123
2025-07-08 18:35:16,252 - VideoDownloader - INFO - å¼€å§‹ä¸‹è½½è§†é¢‘: https://www.bilibili.com/video/BV1rF3ez6EAK/?share_source=copy_web&vd_source=8680443e329d3339b7d76ade65c744ef
2025-07-08 18:35:16,252 - VideoDownloader - INFO - ä¸‹è½½ç›®å½•: C:\Users\EDY\Desktop\111\è§†é¢‘ä¸‹è½½\downloads
2025-07-08 18:35:16,252 - VideoDownloader - INFO - ä½¿ç”¨æ ¼å¼é€‰æ‹©å™¨: bestvideo[height<=1080]+bestaudio/bestvideo[height<=720]+bestaudio/best
2025-07-08 18:35:16,906 - VideoDownloader - INFO - å¯ç”¨æ ¼å¼ç¤ºä¾‹: id:30216 res:unknownp ext:m4a, id:30232 res:unknownp ext:m4a, id:30280 res:unknownp ext:m4a, id:100046 res:360p ext:mp4, id:30011 res:360p ext:mp4
2025-07-08 18:35:21,204 - VideoDownloader - INFO - ä¸‹è½½å®Œæˆ: 
2025-07-08 18:35:23,933 - VideoDownloader - INFO - ä¸‹è½½å®Œæˆ: 
2025-07-08 18:35:24,416 - VideoDownloader - INFO - ä¸‹è½½å®Œæˆ: ã€æ³°æ‹‰ç‘äºšã€‘å·¥å…·å¼€è’1.è¿™ä¸ªä¸–ç•Œæœ‰é‡‘å­—å¡”
2025-07-08 18:35:24,416 - VideoDownloader - INFO - æ–‡ä»¶ä¿å­˜æˆåŠŸ: C:\Users\EDY\Desktop\111\è§†é¢‘ä¸‹è½½\downloads\1#\1..mp4
2025-07-08 18:35:24,416 - VideoDownloader - INFO - è§†é¢‘ä¿å­˜åœ¨æ–‡ä»¶å¤¹: C:\Users\EDY\Desktop\111\è§†é¢‘ä¸‹è½½\downloads\1#
2025-07-08 18:35:33,738 - VideoDownloader - INFO - ä½¿ç”¨ä¸‹è½½ç›®å½•: C:\Users\EDY\Desktop\111\è§†é¢‘ä¸‹è½½\downloads
2025-07-08 18:35:33,739 - VideoDownloader - INFO - æ£€æµ‹åˆ°Bç«™é“¾æ¥ï¼Œä½¿ç”¨ffmpegåˆå¹¶é«˜è´¨é‡æ ¼å¼
2025-07-08 18:35:33,739 - VideoDownloader - INFO - å¼€å§‹ä¸‹è½½: download_1751970933738
2025-07-08 18:35:33,780 - VideoDownloader - INFO - å¼€å§‹ä¸‹è½½è§†é¢‘: https://www.bilibili.com/video/BV1DR3Cz9EXq/?share_source=copy_web&vd_source=8680443e329d3339b7d76ade65c744ef
2025-07-08 18:35:33,780 - VideoDownloader - INFO - ä¸‹è½½ç›®å½•: C:\Users\EDY\Desktop\111\è§†é¢‘ä¸‹è½½\downloads
2025-07-08 18:35:33,780 - VideoDownloader - INFO - ä½¿ç”¨æ ¼å¼é€‰æ‹©å™¨: bestvideo[height<=1080]+bestaudio/bestvideo[height<=720]+bestaudio/best
2025-07-08 18:35:34,524 - VideoDownloader - INFO - å¯ç”¨æ ¼å¼ç¤ºä¾‹: id:30216 res:unknownp ext:m4a, id:30232 res:unknownp ext:m4a, id:30280 res:unknownp ext:m4a, id:100046 res:360p ext:mp4, id:30011 res:360p ext:mp4
2025-07-08 18:35:49,788 - VideoDownloader - INFO - ä¸‹è½½å®Œæˆ: 
2025-07-08 18:35:52,390 - VideoDownloader - INFO - ä¸‹è½½å®Œæˆ: 
2025-07-08 18:35:53,078 - VideoDownloader - INFO - ä¸‹è½½å®Œæˆ: è¿™å°±æ˜¯è¥é”€å·å¤©å¤©å¹çš„MC 2.0ï¼Ÿé…æ–¹å…¨éšæœºï¼Œè°æ¥äº†éƒ½å¾—æ‡µï¼
2025-07-08 18:35:53,079 - VideoDownloader - INFO - æ–‡ä»¶ä¿å­˜æˆåŠŸ: C:\Users\EDY\Desktop\111\è§†é¢‘ä¸‹è½½\downloads\MC_2.0\MC_2.0.mp4
2025-07-08 18:35:53,079 - VideoDownloader - INFO - è§†é¢‘ä¿å­˜åœ¨æ–‡ä»¶å¤¹: C:\Users\EDY\Desktop\111\è§†é¢‘ä¸‹è½½\downloads\MC_2.0
2025-07-08 18:35:59,581 - VideoDownloader - INFO - åº”ç”¨ç¨‹åºæ­£å¸¸é€€å‡º
2025-07-08 18:38:42,513 - VideoDownloader - INFO - é…ç½®æ–‡ä»¶åŠ è½½æˆåŠŸ: config/settings.ini
2025-07-08 18:38:42,513 - VideoDownloader - INFO - ==================================================
2025-07-08 18:38:42,513 - VideoDownloader - INFO - è§†é¢‘ä¸‹è½½å™¨å¯åŠ¨
2025-07-08 18:38:42,514 - VideoDownloader - INFO - ==================================================
2025-07-08 18:38:42,514 - VideoDownloader - INFO - ä¾èµ–é¡¹æ£€æŸ¥é€šè¿‡
2025-07-08 18:38:42,514 - VideoDownloader - INFO - ä½¿ç”¨ä¸‹è½½ç›®å½•: C:\Users\EDY\Desktop\111\è§†é¢‘ä¸‹è½½\downloads
2025-07-08 18:38:42,514 - VideoDownloader - INFO - å¯åŠ¨GUIç•Œé¢
2025-07-08 18:38:42,591 - VideoDownloader - INFO - æ£€æµ‹åˆ°ç³»ç»Ÿffmpegï¼Œæ”¯æŒé«˜è´¨é‡è§†é¢‘åˆå¹¶
2025-07-08 18:38:42,667 - VideoDownloader - INFO - ä½¿ç”¨ä¸‹è½½ç›®å½•: C:\Users\EDY\Desktop\111\è§†é¢‘ä¸‹è½½\downloads
2025-07-08 18:38:50,766 - VideoDownloader - INFO - ä½¿ç”¨ä¸‹è½½ç›®å½•: C:\Users\EDY\Desktop\111\è§†é¢‘ä¸‹è½½\downloads
2025-07-08 18:38:50,766 - VideoDownloader - INFO - æ£€æµ‹åˆ°Bç«™é“¾æ¥ï¼Œä½¿ç”¨ffmpegåˆå¹¶é«˜è´¨é‡æ ¼å¼
2025-07-08 18:38:50,767 - VideoDownloader - INFO - å¼€å§‹ä¸‹è½½: download_1751971130766
2025-07-08 18:38:51,018 - VideoDownloader - INFO - å¼€å§‹ä¸‹è½½è§†é¢‘: https://www.bilibili.com/video/BV1rF3ez6EAK/?share_source=copy_web&vd_source=8680443e329d3339b7d76ade65c744ef
2025-07-08 18:38:51,018 - VideoDownloader - INFO - ä¸‹è½½ç›®å½•: C:\Users\EDY\Desktop\111\è§†é¢‘ä¸‹è½½\downloads
2025-07-08 18:38:51,018 - VideoDownloader - INFO - ä½¿ç”¨æ ¼å¼é€‰æ‹©å™¨: bestvideo[height<=1080]+bestaudio/bestvideo[height<=720]+bestaudio/best
2025-07-08 18:38:51,749 - VideoDownloader - INFO - å¯ç”¨æ ¼å¼ç¤ºä¾‹: id:30216 res:unknownp ext:m4a, id:30232 res:unknownp ext:m4a, id:30280 res:unknownp ext:m4a, id:100046 res:360p ext:mp4, id:30011 res:360p ext:mp4
2025-07-08 18:39:00,741 - VideoDownloader - INFO - ä¸‹è½½å®Œæˆ: 
2025-07-08 18:39:01,510 - VideoDownloader - INFO - ä¸‹è½½å®Œæˆ: 
2025-07-08 18:39:02,006 - VideoDownloader - INFO - ä¸‹è½½å®Œæˆ: ã€æ³°æ‹‰ç‘äºšã€‘å·¥å…·å¼€è’1.è¿™ä¸ªä¸–ç•Œæœ‰é‡‘å­—å¡”
2025-07-08 18:39:02,006 - VideoDownloader - INFO - æ–‡ä»¶ä¿å­˜æˆåŠŸ: C:\Users\EDY\Desktop\111\è§†é¢‘ä¸‹è½½\downloads\ã€æ³°æ‹‰ç‘äºšã€‘å·¥å…·å¼€è’1.è¿™ä¸ªä¸–ç•Œæœ‰é‡‘å­—å¡”\ã€æ³°æ‹‰ç‘äºšã€‘å·¥å…·å¼€è’1.è¿™ä¸ªä¸–ç•Œæœ‰é‡‘å­—å¡”.mp4
2025-07-08 18:39:02,006 - VideoDownloader - INFO - è§†é¢‘ä¿å­˜åœ¨æ–‡ä»¶å¤¹: C:\Users\EDY\Desktop\111\è§†é¢‘ä¸‹è½½\downloads\ã€æ³°æ‹‰ç‘äºšã€‘å·¥å…·å¼€è’1.è¿™ä¸ªä¸–ç•Œæœ‰é‡‘å­—å¡”
2025-07-08 18:40:29,826 - VideoDownloader - INFO - åº”ç”¨ç¨‹åºæ­£å¸¸é€€å‡º
2025-07-08 18:45:25,740 - VideoDownloader - INFO - é…ç½®æ–‡ä»¶åŠ è½½æˆåŠŸ: config/settings.ini
2025-07-08 18:45:25,740 - VideoDownloader - INFO - ==================================================
2025-07-08 18:45:25,740 - VideoDownloader - INFO - è§†é¢‘ä¸‹è½½å™¨å¯åŠ¨
2025-07-08 18:45:25,740 - VideoDownloader - INFO - ==================================================
2025-07-08 18:45:25,740 - VideoDownloader - INFO - ä¾èµ–é¡¹æ£€æŸ¥é€šè¿‡
2025-07-08 18:45:25,740 - VideoDownloader - INFO - ä½¿ç”¨ä¸‹è½½ç›®å½•: C:\Users\EDY\Desktop\111\è§†é¢‘ä¸‹è½½\downloads
2025-07-08 18:45:25,741 - VideoDownloader - INFO - å¯åŠ¨GUIç•Œé¢
2025-07-08 18:45:25,821 - VideoDownloader - INFO - æ£€æµ‹åˆ°ç³»ç»Ÿffmpegï¼Œæ”¯æŒé«˜è´¨é‡è§†é¢‘åˆå¹¶
2025-07-08 18:45:25,880 - VideoDownloader - INFO - ä½¿ç”¨ä¸‹è½½ç›®å½•: C:\Users\EDY\Desktop\111\è§†é¢‘ä¸‹è½½\downloads
2025-07-08 18:45:49,312 - VideoDownloader - INFO - ä½¿ç”¨ä¸‹è½½ç›®å½•: C:\Users\EDY\Desktop\111\è§†é¢‘ä¸‹è½½\downloads
2025-07-08 18:45:49,312 - VideoDownloader - INFO - æ£€æµ‹åˆ°Bç«™é“¾æ¥ï¼Œä½¿ç”¨ffmpegåˆå¹¶é«˜è´¨é‡æ ¼å¼
2025-07-08 18:45:49,313 - VideoDownloader - INFO - å¼€å§‹ä¸‹è½½: download_1751971549312
2025-07-08 18:45:49,447 - VideoDownloader - INFO - å¼€å§‹ä¸‹è½½è§†é¢‘: https://www.bilibili.com/video/BV1rF3ez6EAK/?share_source=copy_web&vd_source=8680443e329d3339b7d76ade65c744ef
2025-07-08 18:45:49,447 - VideoDownloader - INFO - ä¸‹è½½ç›®å½•: C:\Users\EDY\Desktop\111\è§†é¢‘ä¸‹è½½\downloads
2025-07-08 18:45:49,447 - VideoDownloader - INFO - ä½¿ç”¨æ ¼å¼é€‰æ‹©å™¨: bestvideo[height<=1080]+bestaudio/bestvideo[height<=720]+bestaudio/best
2025-07-08 18:45:50,112 - VideoDownloader - INFO - å¯ç”¨æ ¼å¼ç¤ºä¾‹: id:30216 res:unknownp ext:m4a, id:30232 res:unknownp ext:m4a, id:30280 res:unknownp ext:m4a, id:100046 res:360p ext:mp4, id:30011 res:360p ext:mp4
2025-07-08 18:45:54,560 - VideoDownloader - INFO - ä¸‹è½½å®Œæˆ: 
2025-07-08 18:45:55,743 - VideoDownloader - INFO - ä¸‹è½½å®Œæˆ: 
2025-07-08 18:45:56,135 - VideoDownloader - INFO - ä¸‹è½½å®Œæˆ: ã€æ³°æ‹‰ç‘äºšã€‘å·¥å…·å¼€è’1.è¿™ä¸ªä¸–ç•Œæœ‰é‡‘å­—å¡”
2025-07-08 18:45:56,135 - VideoDownloader - INFO - æ–‡ä»¶ä¿å­˜æˆåŠŸ: C:\Users\EDY\Desktop\111\è§†é¢‘ä¸‹è½½\downloads\ã€æ³°æ‹‰ç‘äºšã€‘å·¥å…·å¼€è’1.è¿™ä¸ªä¸–ç•Œæœ‰é‡‘å­—å¡”\video\ã€æ³°æ‹‰ç‘äºšã€‘å·¥å…·å¼€è’1.è¿™ä¸ªä¸–ç•Œæœ‰é‡‘å­—å¡”.mp4
2025-07-08 18:45:56,136 - VideoDownloader - INFO - è§†é¢‘ä¿å­˜åœ¨æ–‡ä»¶å¤¹: C:\Users\EDY\Desktop\111\è§†é¢‘ä¸‹è½½\downloads\ã€æ³°æ‹‰ç‘äºšã€‘å·¥å…·å¼€è’1.è¿™ä¸ªä¸–ç•Œæœ‰é‡‘å­—å¡”\video
2025-07-08 18:55:34,655 - VideoDownloader - INFO - åº”ç”¨ç¨‹åºæ­£å¸¸é€€å‡º
2025-07-08 18:59:04,642 - VideoDownloader - INFO - é…ç½®æ–‡ä»¶åŠ è½½æˆåŠŸ: config/settings.ini
2025-07-08 18:59:04,642 - VideoDownloader - INFO - ==================================================
2025-07-08 18:59:04,642 - VideoDownloader - INFO - è§†é¢‘ä¸‹è½½å™¨å¯åŠ¨
2025-07-08 18:59:04,642 - VideoDownloader - INFO - ==================================================
2025-07-08 18:59:04,642 - VideoDownloader - INFO - ä¾èµ–é¡¹æ£€æŸ¥é€šè¿‡
2025-07-08 18:59:04,642 - VideoDownloader - INFO - ä½¿ç”¨ä¸‹è½½ç›®å½•: C:\Users\EDY\Desktop\111\è§†é¢‘ä¸‹è½½\downloads
2025-07-08 18:59:04,642 - VideoDownloader - INFO - å¯åŠ¨GUIç•Œé¢
2025-07-08 18:59:04,730 - VideoDownloader - INFO - æ£€æµ‹åˆ°ç³»ç»Ÿffmpegï¼Œæ”¯æŒé«˜è´¨é‡è§†é¢‘åˆå¹¶
2025-07-08 18:59:04,802 - VideoDownloader - INFO - ä½¿ç”¨ä¸‹è½½ç›®å½•: C:\Users\EDY\Desktop\111\è§†é¢‘ä¸‹è½½\downloads
2025-07-08 18:59:11,833 - VideoDownloader - ERROR - æ›´æ–°è§†é¢‘ä¿¡æ¯æ˜¾ç¤ºå¤±è´¥: Unknown format code 'd' for object of type 'float'
2025-07-08 19:02:57,321 - VideoDownloader - INFO - é…ç½®æ–‡ä»¶åŠ è½½æˆåŠŸ: config/settings.ini
2025-07-08 19:02:57,321 - VideoDownloader - INFO - ==================================================
2025-07-08 19:02:57,321 - VideoDownloader - INFO - è§†é¢‘ä¸‹è½½å™¨å¯åŠ¨
2025-07-08 19:02:57,321 - VideoDownloader - INFO - ==================================================
2025-07-08 19:02:57,321 - VideoDownloader - INFO - ä¾èµ–é¡¹æ£€æŸ¥é€šè¿‡
2025-07-08 19:02:57,321 - VideoDownloader - INFO - ä½¿ç”¨ä¸‹è½½ç›®å½•: C:\Users\EDY\Desktop\111\è§†é¢‘ä¸‹è½½\downloads
2025-07-08 19:02:57,321 - VideoDownloader - INFO - å¯åŠ¨GUIç•Œé¢
2025-07-08 19:02:57,434 - VideoDownloader - INFO - æ£€æµ‹åˆ°ç³»ç»Ÿffmpegï¼Œæ”¯æŒé«˜è´¨é‡è§†é¢‘åˆå¹¶
2025-07-08 19:02:57,511 - VideoDownloader - INFO - ä½¿ç”¨ä¸‹è½½ç›®å½•: C:\Users\EDY\Desktop\111\è§†é¢‘ä¸‹è½½\downloads
2025-07-08 19:03:26,301 - VideoDownloader - INFO - åº”ç”¨ç¨‹åºæ­£å¸¸é€€å‡º
2025-07-08 19:04:09,410 - VideoDownloader - INFO - é…ç½®æ–‡ä»¶åŠ è½½æˆåŠŸ: config/settings.ini
2025-07-08 19:04:09,410 - VideoDownloader - INFO - ==================================================
2025-07-08 19:04:09,410 - VideoDownloader - INFO - è§†é¢‘ä¸‹è½½å™¨å¯åŠ¨
2025-07-08 19:04:09,410 - VideoDownloader - INFO - ==================================================
2025-07-08 19:04:09,410 - VideoDownloader - INFO - ä¾èµ–é¡¹æ£€æŸ¥é€šè¿‡
2025-07-08 19:04:09,410 - VideoDownloader - INFO - ä½¿ç”¨ä¸‹è½½ç›®å½•: C:\Users\EDY\Desktop\111\è§†é¢‘ä¸‹è½½\downloads
2025-07-08 19:04:09,410 - VideoDownloader - INFO - å¯åŠ¨GUIç•Œé¢
2025-07-08 19:04:09,494 - VideoDownloader - INFO - æ£€æµ‹åˆ°ç³»ç»Ÿffmpegï¼Œæ”¯æŒé«˜è´¨é‡è§†é¢‘åˆå¹¶
2025-07-08 19:04:09,558 - VideoDownloader - INFO - ä½¿ç”¨ä¸‹è½½ç›®å½•: C:\Users\EDY\Desktop\111\è§†é¢‘ä¸‹è½½\downloads
2025-07-08 19:04:26,175 - VideoDownloader - INFO - åº”ç”¨ç¨‹åºæ­£å¸¸é€€å‡º
2025-07-08 19:05:45,006 - VideoDownloader - INFO - é…ç½®æ–‡ä»¶åŠ è½½æˆåŠŸ: config/settings.ini
2025-07-08 19:05:45,006 - VideoDownloader - INFO - ==================================================
2025-07-08 19:05:45,006 - VideoDownloader - INFO - è§†é¢‘ä¸‹è½½å™¨å¯åŠ¨
2025-07-08 19:05:45,007 - VideoDownloader - INFO - ==================================================
2025-07-08 19:05:45,007 - VideoDownloader - INFO - ä¾èµ–é¡¹æ£€æŸ¥é€šè¿‡
2025-07-08 19:05:45,007 - VideoDownloader - INFO - ä½¿ç”¨ä¸‹è½½ç›®å½•: C:\Users\EDY\Desktop\111\è§†é¢‘ä¸‹è½½\downloads
2025-07-08 19:05:45,007 - VideoDownloader - INFO - å¯åŠ¨GUIç•Œé¢
2025-07-08 19:05:45,079 - VideoDownloader - INFO - æ£€æµ‹åˆ°ç³»ç»Ÿffmpegï¼Œæ”¯æŒé«˜è´¨é‡è§†é¢‘åˆå¹¶
2025-07-08 19:05:45,146 - VideoDownloader - INFO - ä½¿ç”¨ä¸‹è½½ç›®å½•: C:\Users\EDY\Desktop\111\è§†é¢‘ä¸‹è½½\downloads
2025-07-08 19:06:03,397 - VideoDownloader - INFO - åº”ç”¨ç¨‹åºæ­£å¸¸é€€å‡º
2025-07-08 19:06:15,761 - VideoDownloader - INFO - é…ç½®æ–‡ä»¶åŠ è½½æˆåŠŸ: config/settings.ini
2025-07-08 19:06:15,761 - VideoDownloader - INFO - ==================================================
2025-07-08 19:06:15,761 - VideoDownloader - INFO - è§†é¢‘ä¸‹è½½å™¨å¯åŠ¨
2025-07-08 19:06:15,761 - VideoDownloader - INFO - ==================================================
2025-07-08 19:06:15,761 - VideoDownloader - INFO - ä¾èµ–é¡¹æ£€æŸ¥é€šè¿‡
2025-07-08 19:06:15,761 - VideoDownloader - INFO - ä½¿ç”¨ä¸‹è½½ç›®å½•: C:\Users\EDY\Desktop\111\è§†é¢‘ä¸‹è½½\downloads
2025-07-08 19:06:15,762 - VideoDownloader - INFO - å¯åŠ¨GUIç•Œé¢
2025-07-08 19:06:15,844 - VideoDownloader - INFO - æ£€æµ‹åˆ°ç³»ç»Ÿffmpegï¼Œæ”¯æŒé«˜è´¨é‡è§†é¢‘åˆå¹¶
2025-07-08 19:06:15,906 - VideoDownloader - INFO - ä½¿ç”¨ä¸‹è½½ç›®å½•: C:\Users\EDY\Desktop\111\è§†é¢‘ä¸‹è½½\downloads
2025-07-08 19:08:13,848 - VideoDownloader - INFO - åº”ç”¨ç¨‹åºæ­£å¸¸é€€å‡º
2025-07-08 19:08:25,362 - VideoDownloader - INFO - é…ç½®æ–‡ä»¶åŠ è½½æˆåŠŸ: config/settings.ini
2025-07-08 19:08:25,363 - VideoDownloader - INFO - ==================================================
2025-07-08 19:08:25,363 - VideoDownloader - INFO - è§†é¢‘ä¸‹è½½å™¨å¯åŠ¨
2025-07-08 19:08:25,363 - VideoDownloader - INFO - ==================================================
2025-07-08 19:08:25,363 - VideoDownloader - INFO - ä¾èµ–é¡¹æ£€æŸ¥é€šè¿‡
2025-07-08 19:08:25,363 - VideoDownloader - INFO - ä½¿ç”¨ä¸‹è½½ç›®å½•: C:\Users\EDY\Desktop\111\è§†é¢‘ä¸‹è½½\downloads
2025-07-08 19:08:25,363 - VideoDownloader - INFO - å¯åŠ¨GUIç•Œé¢
2025-07-08 19:08:25,438 - VideoDownloader - INFO - æ£€æµ‹åˆ°ç³»ç»Ÿffmpegï¼Œæ”¯æŒé«˜è´¨é‡è§†é¢‘åˆå¹¶
2025-07-08 19:08:25,510 - VideoDownloader - INFO - ä½¿ç”¨ä¸‹è½½ç›®å½•: C:\Users\EDY\Desktop\111\è§†é¢‘ä¸‹è½½\downloads
2025-07-08 19:08:52,704 - VideoDownloader - INFO - åº”ç”¨ç¨‹åºæ­£å¸¸é€€å‡º
2025-07-08 19:10:47,277 - VideoDownloader - INFO - é…ç½®æ–‡ä»¶åŠ è½½æˆåŠŸ: config/settings.ini
2025-07-08 19:10:47,277 - VideoDownloader - INFO - ==================================================
2025-07-08 19:10:47,277 - VideoDownloader - INFO - è§†é¢‘ä¸‹è½½å™¨å¯åŠ¨
2025-07-08 19:10:47,278 - VideoDownloader - INFO - ==================================================
2025-07-08 19:10:47,278 - VideoDownloader - INFO - ä¾èµ–é¡¹æ£€æŸ¥é€šè¿‡
2025-07-08 19:10:47,278 - VideoDownloader - INFO - ä½¿ç”¨ä¸‹è½½ç›®å½•: C:\Users\EDY\Desktop\111\è§†é¢‘ä¸‹è½½\downloads
2025-07-08 19:10:47,278 - VideoDownloader - INFO - å¯åŠ¨GUIç•Œé¢
2025-07-08 19:10:47,359 - VideoDownloader - INFO - æ£€æµ‹åˆ°ç³»ç»Ÿffmpegï¼Œæ”¯æŒé«˜è´¨é‡è§†é¢‘åˆå¹¶
2025-07-08 19:10:47,421 - VideoDownloader - INFO - ä½¿ç”¨ä¸‹è½½ç›®å½•: C:\Users\EDY\Desktop\111\è§†é¢‘ä¸‹è½½\downloads
2025-07-08 19:11:30,806 - VideoDownloader - INFO - ä½¿ç”¨ä¸‹è½½ç›®å½•: C:\Users\EDY\Desktop\111\è§†é¢‘ä¸‹è½½\downloads
2025-07-08 19:11:30,806 - VideoDownloader - INFO - æ£€æµ‹åˆ°Bç«™é“¾æ¥ï¼Œä½¿ç”¨ffmpegåˆå¹¶é«˜è´¨é‡æ ¼å¼
2025-07-08 19:11:30,807 - VideoDownloader - INFO - å¼€å§‹ä¸‹è½½: download_1751973090806
2025-07-08 19:11:30,944 - VideoDownloader - INFO - å¼€å§‹ä¸‹è½½è§†é¢‘: https://www.bilibili.com/video/BV1DR3Cz9EXq/?share_source=copy_web&vd_source=8680443e329d3339b7d76ade65c744ef
2025-07-08 19:11:30,944 - VideoDownloader - INFO - ä¸‹è½½ç›®å½•: C:\Users\EDY\Desktop\111\è§†é¢‘ä¸‹è½½\downloads
2025-07-08 19:11:30,944 - VideoDownloader - INFO - ä½¿ç”¨æ ¼å¼é€‰æ‹©å™¨: bestvideo[height<=1080]+bestaudio/bestvideo[height<=720]+bestaudio/best
2025-07-08 19:11:31,649 - VideoDownloader - INFO - å¯ç”¨æ ¼å¼ç¤ºä¾‹: id:30216 res:unknownp ext:m4a, id:30232 res:unknownp ext:m4a, id:30280 res:unknownp ext:m4a, id:100046 res:360p ext:mp4, id:30011 res:360p ext:mp4
2025-07-08 19:11:37,738 - VideoDownloader - INFO - ä¸‹è½½å®Œæˆ: 
2025-07-08 19:11:38,545 - VideoDownloader - INFO - ä¸‹è½½å®Œæˆ: 
2025-07-08 19:11:39,128 - VideoDownloader - INFO - ä¸‹è½½å®Œæˆ: è¿™å°±æ˜¯è¥é”€å·å¤©å¤©å¹çš„MC 2.0ï¼Ÿé…æ–¹å…¨éšæœºï¼Œè°æ¥äº†éƒ½å¾—æ‡µï¼
2025-07-08 19:11:39,128 - VideoDownloader - INFO - æ–‡ä»¶ä¿å­˜æˆåŠŸ: C:\Users\EDY\Desktop\111\è§†é¢‘ä¸‹è½½\downloads\è¿™å°±æ˜¯è¥é”€å·å¤©å¤©å¹çš„MC 2.0ï¼Ÿé…æ–¹å…¨éšæœºï¼Œè°æ¥äº†éƒ½å¾—æ‡µï¼\video\è¿™å°±æ˜¯è¥é”€å·å¤©å¤©å¹çš„MC 2.0ï¼Ÿé…æ–¹å…¨éšæœºï¼Œè°æ¥äº†éƒ½å¾—æ‡µï¼.mp4
2025-07-08 19:11:39,128 - VideoDownloader - INFO - è§†é¢‘ä¿å­˜åœ¨æ–‡ä»¶å¤¹: C:\Users\EDY\Desktop\111\è§†é¢‘ä¸‹è½½\downloads\è¿™å°±æ˜¯è¥é”€å·å¤©å¤©å¹çš„MC 2.0ï¼Ÿé…æ–¹å…¨éšæœºï¼Œè°æ¥äº†éƒ½å¾—æ‡µï¼\video
2025-07-08 19:12:02,966 - VideoDownloader - INFO - ä½¿ç”¨ä¸‹è½½ç›®å½•: C:\Users\EDY\Desktop\111\è§†é¢‘ä¸‹è½½\downloads
2025-07-08 19:12:02,966 - VideoDownloader - INFO - æ£€æµ‹åˆ°Bç«™é“¾æ¥ï¼Œä½¿ç”¨ffmpegåˆå¹¶é«˜è´¨é‡æ ¼å¼
2025-07-08 19:12:02,967 - VideoDownloader - INFO - å¼€å§‹ä¸‹è½½: download_1751973122966
2025-07-08 19:12:03,008 - VideoDownloader - INFO - å¼€å§‹ä¸‹è½½è§†é¢‘: https://www.bilibili.com/video/BV1rF3ez6EAK/?share_source=copy_web&vd_source=8680443e329d3339b7d76ade65c744ef
2025-07-08 19:12:03,009 - VideoDownloader - INFO - ä¸‹è½½ç›®å½•: C:\Users\EDY\Desktop\111\è§†é¢‘ä¸‹è½½\downloads
2025-07-08 19:12:03,009 - VideoDownloader - INFO - ä½¿ç”¨æ ¼å¼é€‰æ‹©å™¨: bestvideo[height<=1080]+bestaudio/bestvideo[height<=720]+bestaudio/best
2025-07-08 19:12:03,732 - VideoDownloader - INFO - å¯ç”¨æ ¼å¼ç¤ºä¾‹: id:30216 res:unknownp ext:m4a, id:30232 res:unknownp ext:m4a, id:30280 res:unknownp ext:m4a, id:100046 res:360p ext:mp4, id:30011 res:360p ext:mp4
2025-07-08 19:12:08,555 - VideoDownloader - INFO - ä¸‹è½½å®Œæˆ: 
2025-07-08 19:12:09,603 - VideoDownloader - INFO - ä¸‹è½½å®Œæˆ: 
2025-07-08 19:12:10,024 - VideoDownloader - INFO - ä¸‹è½½å®Œæˆ: ã€æ³°æ‹‰ç‘äºšã€‘å·¥å…·å¼€è’1.è¿™ä¸ªä¸–ç•Œæœ‰é‡‘å­—å¡”
2025-07-08 19:12:10,024 - VideoDownloader - INFO - æ–‡ä»¶ä¿å­˜æˆåŠŸ: C:\Users\EDY\Desktop\111\è§†é¢‘ä¸‹è½½\downloads\ã€æ³°æ‹‰ç‘äºšã€‘å·¥å…·å¼€è’1.è¿™ä¸ªä¸–ç•Œæœ‰é‡‘å­—å¡”\video\ã€æ³°æ‹‰ç‘äºšã€‘å·¥å…·å¼€è’1.è¿™ä¸ªä¸–ç•Œæœ‰é‡‘å­—å¡”.mp4
2025-07-08 19:12:10,025 - VideoDownloader - INFO - è§†é¢‘ä¿å­˜åœ¨æ–‡ä»¶å¤¹: C:\Users\EDY\Desktop\111\è§†é¢‘ä¸‹è½½\downloads\ã€æ³°æ‹‰ç‘äºšã€‘å·¥å…·å¼€è’1.è¿™ä¸ªä¸–ç•Œæœ‰é‡‘å­—å¡”\video
2025-07-08 19:12:24,707 - VideoDownloader - INFO - åº”ç”¨ç¨‹åºæ­£å¸¸é€€å‡º
2025-07-08 19:14:44,463 - VideoDownloader - INFO - é…ç½®æ–‡ä»¶åŠ è½½æˆåŠŸ: config/settings.ini
2025-07-08 19:14:44,463 - VideoDownloader - INFO - ==================================================
2025-07-08 19:14:44,463 - VideoDownloader - INFO - è§†é¢‘ä¸‹è½½å™¨å¯åŠ¨
2025-07-08 19:14:44,463 - VideoDownloader - INFO - ==================================================
2025-07-08 19:14:44,463 - VideoDownloader - INFO - ä¾èµ–é¡¹æ£€æŸ¥é€šè¿‡
2025-07-08 19:14:44,464 - VideoDownloader - INFO - ä½¿ç”¨ä¸‹è½½ç›®å½•: C:\Users\EDY\Desktop\111\è§†é¢‘ä¸‹è½½\downloads
2025-07-08 19:14:44,464 - VideoDownloader - INFO - å¯åŠ¨GUIç•Œé¢
2025-07-08 19:14:44,554 - VideoDownloader - INFO - æ£€æµ‹åˆ°ç³»ç»Ÿffmpegï¼Œæ”¯æŒé«˜è´¨é‡è§†é¢‘åˆå¹¶
2025-07-08 19:14:44,608 - VideoDownloader - INFO - ä½¿ç”¨ä¸‹è½½ç›®å½•: C:\Users\EDY\Desktop\111\è§†é¢‘ä¸‹è½½\downloads
2025-07-08 19:15:07,424 - VideoDownloader - INFO - ä½¿ç”¨ä¸‹è½½ç›®å½•: C:\Users\EDY\Desktop\111\è§†é¢‘ä¸‹è½½\downloads
2025-07-08 19:15:07,424 - VideoDownloader - INFO - æ£€æµ‹åˆ°Bç«™é“¾æ¥ï¼Œä¼˜å…ˆä½¿ç”¨H.264ç¼–ç ç¡®ä¿å…¼å®¹æ€§
2025-07-08 19:15:07,425 - VideoDownloader - INFO - å¼€å§‹ä¸‹è½½: download_1751973307424
2025-07-08 19:15:07,554 - VideoDownloader - INFO - å¼€å§‹ä¸‹è½½è§†é¢‘: https://www.bilibili.com/video/BV1rF3ez6EAK/?share_source=copy_web&vd_source=8680443e329d3339b7d76ade65c744ef
2025-07-08 19:15:07,554 - VideoDownloader - INFO - ä¸‹è½½ç›®å½•: C:\Users\EDY\Desktop\111\è§†é¢‘ä¸‹è½½\downloads
2025-07-08 19:15:07,554 - VideoDownloader - INFO - ä½¿ç”¨æ ¼å¼é€‰æ‹©å™¨: bestvideo[vcodec^=avc][height<=1080]+bestaudio[acodec=aac]/bestvideo[vcodec^=avc][height<=720]+bestaudio[acodec=aac]/bestvideo[height<=1080]+bestaudio/best[vcodec^=avc]/best
2025-07-08 19:15:08,232 - VideoDownloader - INFO - å¯ç”¨æ ¼å¼ç¤ºä¾‹: id:30216 res:unknownp ext:m4a, id:30232 res:unknownp ext:m4a, id:30280 res:unknownp ext:m4a, id:100046 res:360p ext:mp4, id:30011 res:360p ext:mp4
2025-07-08 19:15:11,407 - VideoDownloader - INFO - ä¸‹è½½å®Œæˆ: 
2025-07-08 19:15:12,503 - VideoDownloader - INFO - ä¸‹è½½å®Œæˆ: 
2025-07-08 19:15:12,883 - VideoDownloader - INFO - ä¸‹è½½å®Œæˆ: ã€æ³°æ‹‰ç‘äºšã€‘å·¥å…·å¼€è’1.è¿™ä¸ªä¸–ç•Œæœ‰é‡‘å­—å¡”
2025-07-08 19:15:12,884 - VideoDownloader - INFO - æ–‡ä»¶ä¿å­˜æˆåŠŸ: C:\Users\EDY\Desktop\111\è§†é¢‘ä¸‹è½½\downloads\ã€æ³°æ‹‰ç‘äºšã€‘å·¥å…·å¼€è’1.è¿™ä¸ªä¸–ç•Œæœ‰é‡‘å­—å¡”\video\ã€æ³°æ‹‰ç‘äºšã€‘å·¥å…·å¼€è’1.è¿™ä¸ªä¸–ç•Œæœ‰é‡‘å­—å¡”.mp4
2025-07-08 19:15:12,884 - VideoDownloader - INFO - è§†é¢‘ä¿å­˜åœ¨æ–‡ä»¶å¤¹: C:\Users\EDY\Desktop\111\è§†é¢‘ä¸‹è½½\downloads\ã€æ³°æ‹‰ç‘äºšã€‘å·¥å…·å¼€è’1.è¿™ä¸ªä¸–ç•Œæœ‰é‡‘å­—å¡”\video
2025-07-08 19:15:31,039 - VideoDownloader - INFO - åº”ç”¨ç¨‹åºæ­£å¸¸é€€å‡º
2025-07-08 19:24:14,588 - VideoDownloader - INFO - é…ç½®æ–‡ä»¶åŠ è½½æˆåŠŸ: config/settings.ini
2025-07-08 19:24:14,588 - VideoDownloader - INFO - ==================================================
2025-07-08 19:24:14,588 - VideoDownloader - INFO - è§†é¢‘ä¸‹è½½å™¨å¯åŠ¨
2025-07-08 19:24:14,588 - VideoDownloader - INFO - ==================================================
2025-07-08 19:24:14,588 - VideoDownloader - INFO - ä¾èµ–é¡¹æ£€æŸ¥é€šè¿‡
2025-07-08 19:24:14,589 - VideoDownloader - INFO - ä½¿ç”¨ä¸‹è½½ç›®å½•: C:\Users\EDY\Desktop\111\è§†é¢‘ä¸‹è½½\downloads
2025-07-08 19:24:14,589 - VideoDownloader - INFO - å¯åŠ¨GUIç•Œé¢
2025-07-08 19:24:14,669 - VideoDownloader - INFO - æ£€æµ‹åˆ°ç³»ç»Ÿffmpegï¼Œæ”¯æŒé«˜è´¨é‡è§†é¢‘åˆå¹¶
2025-07-08 19:24:14,728 - VideoDownloader - INFO - ä½¿ç”¨ä¸‹è½½ç›®å½•: C:\Users\EDY\Desktop\111\è§†é¢‘ä¸‹è½½\downloads
2025-07-08 19:24:23,133 - VideoDownloader - INFO - ä½¿ç”¨ä¸‹è½½ç›®å½•: C:\Users\EDY\Desktop\111\è§†é¢‘ä¸‹è½½\downloads
2025-07-08 19:24:23,134 - VideoDownloader - INFO - æ£€æµ‹åˆ°Bç«™é“¾æ¥ï¼Œä¼˜å…ˆä½¿ç”¨H.264ç¼–ç ç¡®ä¿å…¼å®¹æ€§
2025-07-08 19:24:23,134 - VideoDownloader - INFO - å¼€å§‹ä¸‹è½½: download_1751973863133
2025-07-08 19:24:23,418 - VideoDownloader - INFO - å¼€å§‹ä¸‹è½½è§†é¢‘: https://www.bilibili.com/video/BV1rF3ez6EAK/?share_source=copy_web&vd_source=8680443e329d3339b7d76ade65c744ef
2025-07-08 19:24:23,418 - VideoDownloader - INFO - ä¸‹è½½ç›®å½•: C:\Users\EDY\Desktop\111\è§†é¢‘ä¸‹è½½\downloads
2025-07-08 19:24:23,418 - VideoDownloader - INFO - ä½¿ç”¨æ ¼å¼é€‰æ‹©å™¨: bestvideo[vcodec^=avc][height<=1080]+bestaudio[acodec=aac]/bestvideo[vcodec^=avc][height<=720]+bestaudio[acodec=aac]/bestvideo[height<=1080]+bestaudio/best[vcodec^=avc]/best
2025-07-08 19:24:24,204 - VideoDownloader - INFO - å¯ç”¨æ ¼å¼ç¤ºä¾‹: id:30216 res:unknownp ext:m4a, id:30232 res:unknownp ext:m4a, id:30280 res:unknownp ext:m4a, id:100046 res:360p ext:mp4, id:30011 res:360p ext:mp4
2025-07-08 19:24:28,953 - VideoDownloader - INFO - ä¸‹è½½å®Œæˆ: 
2025-07-08 19:24:29,815 - VideoDownloader - INFO - ä¸‹è½½å®Œæˆ: 
2025-07-08 19:24:30,234 - VideoDownloader - INFO - ä¸‹è½½å®Œæˆ: ã€æ³°æ‹‰ç‘äºšã€‘å·¥å…·å¼€è’1.è¿™ä¸ªä¸–ç•Œæœ‰é‡‘å­—å¡”
2025-07-08 19:24:30,235 - VideoDownloader - INFO - æ–‡ä»¶ä¿å­˜æˆåŠŸ: C:\Users\EDY\Desktop\111\è§†é¢‘ä¸‹è½½\downloads\ã€æ³°æ‹‰ç‘äºšã€‘å·¥å…·å¼€è’1.è¿™ä¸ªä¸–ç•Œæœ‰é‡‘å­—å¡”\video\ã€æ³°æ‹‰ç‘äºšã€‘å·¥å…·å¼€è’1.è¿™ä¸ªä¸–ç•Œæœ‰é‡‘å­—å¡”.mp4
2025-07-08 19:24:30,235 - VideoDownloader - INFO - è§†é¢‘ä¿å­˜åœ¨æ–‡ä»¶å¤¹: C:\Users\EDY\Desktop\111\è§†é¢‘ä¸‹è½½\downloads\ã€æ³°æ‹‰ç‘äºšã€‘å·¥å…·å¼€è’1.è¿™ä¸ªä¸–ç•Œæœ‰é‡‘å­—å¡”\video
2025-07-08 19:24:30,346 - VideoDownloader - INFO - æ£€æµ‹åˆ°è§†é¢‘ç¼–ç æ ¼å¼: av1
2025-07-08 19:24:30,346 - VideoDownloader - INFO - æ£€æµ‹åˆ°AV1æ ¼å¼ï¼Œå¼€å§‹è‡ªåŠ¨è½¬æ¢ä¸ºH.264...
2025-07-08 19:24:30,346 - VideoDownloader - INFO - å¼€å§‹è½¬æ¢: ã€æ³°æ‹‰ç‘äºšã€‘å·¥å…·å¼€è’1.è¿™ä¸ªä¸–ç•Œæœ‰é‡‘å­—å¡”.mp4 -> ã€æ³°æ‹‰ç‘äºšã€‘å·¥å…·å¼€è’1.è¿™ä¸ªä¸–ç•Œæœ‰é‡‘å­—å¡”_h264.mp4
2025-07-08 19:24:58,873 - VideoDownloader - INFO - åº”ç”¨ç¨‹åºæ­£å¸¸é€€å‡º
2025-07-08 19:25:35,412 - VideoDownloader - INFO - é…ç½®æ–‡ä»¶åŠ è½½æˆåŠŸ: config/settings.ini
2025-07-08 19:25:35,412 - VideoDownloader - INFO - ==================================================
2025-07-08 19:25:35,413 - VideoDownloader - INFO - è§†é¢‘ä¸‹è½½å™¨å¯åŠ¨
2025-07-08 19:25:35,413 - VideoDownloader - INFO - ==================================================
2025-07-08 19:25:35,413 - VideoDownloader - INFO - ä¾èµ–é¡¹æ£€æŸ¥é€šè¿‡
2025-07-08 19:25:35,413 - VideoDownloader - INFO - ä½¿ç”¨ä¸‹è½½ç›®å½•: C:\Users\EDY\Desktop\111\è§†é¢‘ä¸‹è½½\downloads
2025-07-08 19:25:35,413 - VideoDownloader - INFO - å¯åŠ¨GUIç•Œé¢
2025-07-08 19:25:35,496 - VideoDownloader - INFO - æ£€æµ‹åˆ°ç³»ç»Ÿffmpegï¼Œæ”¯æŒé«˜è´¨é‡è§†é¢‘åˆå¹¶
2025-07-08 19:25:35,555 - VideoDownloader - INFO - ä½¿ç”¨ä¸‹è½½ç›®å½•: C:\Users\EDY\Desktop\111\è§†é¢‘ä¸‹è½½\downloads
2025-07-08 19:25:44,222 - VideoDownloader - INFO - ä½¿ç”¨ä¸‹è½½ç›®å½•: C:\Users\EDY\Desktop\111\è§†é¢‘ä¸‹è½½\downloads
2025-07-08 19:25:44,222 - VideoDownloader - INFO - æ£€æµ‹åˆ°Bç«™é“¾æ¥ï¼Œä¼˜å…ˆä½¿ç”¨H.264ç¼–ç ç¡®ä¿å…¼å®¹æ€§
2025-07-08 19:25:44,223 - VideoDownloader - INFO - å¼€å§‹ä¸‹è½½: download_1751973944222
2025-07-08 19:25:44,460 - VideoDownloader - INFO - å¼€å§‹ä¸‹è½½è§†é¢‘: https://www.bilibili.com/video/BV1DR3Cz9EXq/?share_source=copy_web&vd_source=8680443e329d3339b7d76ade65c744ef
2025-07-08 19:25:44,460 - VideoDownloader - INFO - ä¸‹è½½ç›®å½•: C:\Users\EDY\Desktop\111\è§†é¢‘ä¸‹è½½\downloads
2025-07-08 19:25:44,460 - VideoDownloader - INFO - ä½¿ç”¨æ ¼å¼é€‰æ‹©å™¨: bestvideo[vcodec^=avc][height<=1080]+bestaudio[acodec=aac]/bestvideo[vcodec^=avc][height<=720]+bestaudio[acodec=aac]/bestvideo[height<=1080]+bestaudio/best[vcodec^=avc]/best
2025-07-08 19:25:45,264 - VideoDownloader - INFO - å¯ç”¨æ ¼å¼ç¤ºä¾‹: id:30216 res:unknownp ext:m4a, id:30232 res:unknownp ext:m4a, id:30280 res:unknownp ext:m4a, id:100046 res:360p ext:mp4, id:30011 res:360p ext:mp4
2025-07-08 19:26:06,157 - VideoDownloader - INFO - ä¸‹è½½å®Œæˆ: 
2025-07-08 19:26:09,837 - VideoDownloader - INFO - ä¸‹è½½å®Œæˆ: 
2025-07-08 19:26:10,383 - VideoDownloader - INFO - ä¸‹è½½å®Œæˆ: è¿™å°±æ˜¯è¥é”€å·å¤©å¤©å¹çš„MC 2.0ï¼Ÿé…æ–¹å…¨éšæœºï¼Œè°æ¥äº†éƒ½å¾—æ‡µï¼
2025-07-08 19:26:10,383 - VideoDownloader - INFO - æ–‡ä»¶ä¿å­˜æˆåŠŸ: C:\Users\EDY\Desktop\111\è§†é¢‘ä¸‹è½½\downloads\è¿™å°±æ˜¯è¥é”€å·å¤©å¤©å¹çš„MC 2.0ï¼Ÿé…æ–¹å…¨éšæœºï¼Œè°æ¥äº†éƒ½å¾—æ‡µï¼\video\è¿™å°±æ˜¯è¥é”€å·å¤©å¤©å¹çš„MC 2.0ï¼Ÿé…æ–¹å…¨éšæœºï¼Œè°æ¥äº†éƒ½å¾—æ‡µï¼.mp4
2025-07-08 19:26:10,384 - VideoDownloader - INFO - è§†é¢‘ä¿å­˜åœ¨æ–‡ä»¶å¤¹: C:\Users\EDY\Desktop\111\è§†é¢‘ä¸‹è½½\downloads\è¿™å°±æ˜¯è¥é”€å·å¤©å¤©å¹çš„MC 2.0ï¼Ÿé…æ–¹å…¨éšæœºï¼Œè°æ¥äº†éƒ½å¾—æ‡µï¼\video
2025-07-08 19:26:10,491 - VideoDownloader - INFO - æ£€æµ‹åˆ°è§†é¢‘ç¼–ç æ ¼å¼: av1
2025-07-08 19:26:10,492 - VideoDownloader - INFO - æ£€æµ‹åˆ°AV1æ ¼å¼ï¼Œå¼€å§‹è‡ªåŠ¨è½¬æ¢ä¸ºH.264...
2025-07-08 19:26:10,492 - VideoDownloader - INFO - å¼€å§‹è½¬æ¢: è¿™å°±æ˜¯è¥é”€å·å¤©å¤©å¹çš„MC 2.0ï¼Ÿé…æ–¹å…¨éšæœºï¼Œè°æ¥äº†éƒ½å¾—æ‡µï¼.mp4 -> è¿™å°±æ˜¯è¥é”€å·å¤©å¤©å¹çš„MC 2.0ï¼Ÿé…æ–¹å…¨éšæœºï¼Œè°æ¥äº†éƒ½å¾—æ‡µï¼_h264.mp4
2025-07-08 19:26:39,714 - VideoDownloader - INFO - åº”ç”¨ç¨‹åºæ­£å¸¸é€€å‡º
2025-07-08 19:30:57,406 - VideoDownloader - INFO - é…ç½®æ–‡ä»¶åŠ è½½æˆåŠŸ: config/settings.ini
2025-07-08 19:30:57,406 - VideoDownloader - INFO - ==================================================
2025-07-08 19:30:57,406 - VideoDownloader - INFO - è§†é¢‘ä¸‹è½½å™¨å¯åŠ¨
2025-07-08 19:30:57,406 - VideoDownloader - INFO - ==================================================
2025-07-08 19:30:57,406 - VideoDownloader - INFO - ä¾èµ–é¡¹æ£€æŸ¥é€šè¿‡
2025-07-08 19:30:57,407 - VideoDownloader - INFO - ä½¿ç”¨ä¸‹è½½ç›®å½•: C:\Users\EDY\Desktop\111\è§†é¢‘ä¸‹è½½\downloads
2025-07-08 19:30:57,407 - VideoDownloader - INFO - å¯åŠ¨GUIç•Œé¢
2025-07-08 19:30:57,486 - VideoDownloader - INFO - æ£€æµ‹åˆ°ç³»ç»Ÿffmpegï¼Œæ”¯æŒé«˜è´¨é‡è§†é¢‘åˆå¹¶
2025-07-08 19:30:57,544 - VideoDownloader - INFO - ä½¿ç”¨ä¸‹è½½ç›®å½•: C:\Users\EDY\Desktop\111\è§†é¢‘ä¸‹è½½\downloads
2025-07-08 19:31:10,449 - VideoDownloader - INFO - ä½¿ç”¨ä¸‹è½½ç›®å½•: C:\Users\EDY\Desktop\111\è§†é¢‘ä¸‹è½½\downloads
2025-07-08 19:31:10,450 - VideoDownloader - INFO - Bç«™é“¾æ¥ï¼šå¼ºåˆ¶ä½¿ç”¨H.264ç¼–ç ï¼Œæ‹’ç»AV1æ ¼å¼
2025-07-08 19:31:10,450 - VideoDownloader - INFO - å¼€å§‹ä¸‹è½½: download_1751974270450
2025-07-08 19:31:10,701 - VideoDownloader - INFO - å¼€å§‹ä¸‹è½½è§†é¢‘: https://www.bilibili.com/video/BV1rF3ez6EAK/?share_source=copy_web&vd_source=8680443e329d3339b7d76ade65c744ef
2025-07-08 19:31:10,701 - VideoDownloader - INFO - ä¸‹è½½ç›®å½•: C:\Users\EDY\Desktop\111\è§†é¢‘ä¸‹è½½\downloads
2025-07-08 19:31:10,702 - VideoDownloader - INFO - ä½¿ç”¨æ ¼å¼é€‰æ‹©å™¨: bestvideo[vcodec^=avc][height<=1080]+bestaudio[acodec=aac]/bestvideo[vcodec^=avc][height<=720]+bestaudio[acodec=aac]/bestvideo[vcodec^=avc]+bestaudio/best[vcodec^=avc][height<=480]/worst[vcodec^=avc]
2025-07-08 19:31:11,385 - VideoDownloader - INFO - å¯ç”¨æ ¼å¼ç¤ºä¾‹: id:30216 res:unknownp ext:m4a, id:30232 res:unknownp ext:m4a, id:30280 res:unknownp ext:m4a, id:100046 res:360p ext:mp4, id:30011 res:360p ext:mp4
2025-07-08 19:31:21,217 - VideoDownloader - INFO - ä¸‹è½½å®Œæˆ: 
2025-07-08 19:31:25,007 - VideoDownloader - INFO - ä¸‹è½½å®Œæˆ: 
2025-07-08 19:31:25,357 - VideoDownloader - INFO - ä¸‹è½½å®Œæˆ: ã€æ³°æ‹‰ç‘äºšã€‘å·¥å…·å¼€è’1.è¿™ä¸ªä¸–ç•Œæœ‰é‡‘å­—å¡”
2025-07-08 19:31:25,357 - VideoDownloader - INFO - æ–‡ä»¶ä¿å­˜æˆåŠŸ: C:\Users\EDY\Desktop\111\è§†é¢‘ä¸‹è½½\downloads\ã€æ³°æ‹‰ç‘äºšã€‘å·¥å…·å¼€è’1.è¿™ä¸ªä¸–ç•Œæœ‰é‡‘å­—å¡”\video\ã€æ³°æ‹‰ç‘äºšã€‘å·¥å…·å¼€è’1.è¿™ä¸ªä¸–ç•Œæœ‰é‡‘å­—å¡”.mp4
2025-07-08 19:31:25,357 - VideoDownloader - INFO - è§†é¢‘ä¿å­˜åœ¨æ–‡ä»¶å¤¹: C:\Users\EDY\Desktop\111\è§†é¢‘ä¸‹è½½\downloads\ã€æ³°æ‹‰ç‘äºšã€‘å·¥å…·å¼€è’1.è¿™ä¸ªä¸–ç•Œæœ‰é‡‘å­—å¡”\video
2025-07-08 19:31:51,606 - VideoDownloader - INFO - é…ç½®æ–‡ä»¶åŠ è½½æˆåŠŸ: config/settings.ini
2025-07-08 19:31:51,607 - VideoDownloader - INFO - ==================================================
2025-07-08 19:31:51,607 - VideoDownloader - INFO - è§†é¢‘ä¸‹è½½å™¨å¯åŠ¨
2025-07-08 19:31:51,607 - VideoDownloader - INFO - ==================================================
2025-07-08 19:31:51,607 - VideoDownloader - INFO - ä¾èµ–é¡¹æ£€æŸ¥é€šè¿‡
2025-07-08 19:31:51,607 - VideoDownloader - INFO - ä½¿ç”¨ä¸‹è½½ç›®å½•: C:\Users\EDY\Desktop\111\è§†é¢‘ä¸‹è½½\downloads
2025-07-08 19:31:51,607 - VideoDownloader - INFO - å¯åŠ¨GUIç•Œé¢
2025-07-08 19:31:51,691 - VideoDownloader - INFO - æ£€æµ‹åˆ°ç³»ç»Ÿffmpegï¼Œæ”¯æŒé«˜è´¨é‡è§†é¢‘åˆå¹¶
2025-07-08 19:31:51,758 - VideoDownloader - INFO - ä½¿ç”¨ä¸‹è½½ç›®å½•: C:\Users\EDY\Desktop\111\è§†é¢‘ä¸‹è½½\downloads
2025-07-08 19:31:59,721 - VideoDownloader - INFO - ä½¿ç”¨ä¸‹è½½ç›®å½•: C:\Users\EDY\Desktop\111\è§†é¢‘ä¸‹è½½\downloads
2025-07-08 19:31:59,721 - VideoDownloader - INFO - Bç«™é“¾æ¥ï¼šä»…æ¥å—H.264ç¼–ç ï¼Œå®Œå…¨æ‹’ç»AV1/VP9ç­‰æ ¼å¼
2025-07-08 19:31:59,722 - VideoDownloader - INFO - å¼€å§‹ä¸‹è½½: download_1751974319721
2025-07-08 19:31:59,853 - VideoDownloader - INFO - å¼€å§‹ä¸‹è½½è§†é¢‘: https://www.bilibili.com/video/BV1DR3Cz9EXq/?share_source=copy_web&vd_source=8680443e329d3339b7d76ade65c744ef
2025-07-08 19:31:59,854 - VideoDownloader - INFO - ä¸‹è½½ç›®å½•: C:\Users\EDY\Desktop\111\è§†é¢‘ä¸‹è½½\downloads
2025-07-08 19:31:59,854 - VideoDownloader - INFO - ä½¿ç”¨æ ¼å¼é€‰æ‹©å™¨: bestvideo[vcodec^=avc][height<=1080]+bestaudio[acodec=aac]/bestvideo[vcodec^=avc][height<=720]+bestaudio[acodec=aac]/bestvideo[vcodec^=avc]+bestaudio[acodec=aac]/best[vcodec^=avc]/worst[vcodec^=avc]
2025-07-08 19:32:00,613 - VideoDownloader - WARNING - æ— æ³•è·å–æ ¼å¼ä¿¡æ¯: [0;31mERROR:[0m [BiliBili] BV1DR3Cz9EXq: Requested format is not available. Use --list-formats for a list of available formats
2025-07-08 19:32:01,138 - VideoDownloader - ERROR - ä¸‹è½½è¿‡ç¨‹ä¸­å‡ºé”™: [0;31mERROR:[0m [BiliBili] BV1DR3Cz9EXq: Requested format is not available. Use --list-formats for a list of available formats
2025-07-08 19:32:01,139 - VideoDownloader - ERROR - ä¸‹è½½å¤±è´¥: [0;31mERROR:[0m [BiliBili] BV1DR3Cz9EXq: Requested format is not available. Use --list-formats for a list of available formats
2025-07-08 19:32:05,224 - VideoDownloader - INFO - ä½¿ç”¨ä¸‹è½½ç›®å½•: C:\Users\EDY\Desktop\111\è§†é¢‘ä¸‹è½½\downloads
2025-07-08 19:32:05,225 - VideoDownloader - INFO - Bç«™é“¾æ¥ï¼šä»…æ¥å—H.264ç¼–ç ï¼Œå®Œå…¨æ‹’ç»AV1/VP9ç­‰æ ¼å¼
2025-07-08 19:32:05,225 - VideoDownloader - INFO - å¼€å§‹ä¸‹è½½: download_1751974325225
2025-07-08 19:32:05,266 - VideoDownloader - INFO - å¼€å§‹ä¸‹è½½è§†é¢‘: https://www.bilibili.com/video/BV1DR3Cz9EXq/?share_source=copy_web&vd_source=8680443e329d3339b7d76ade65c744ef
2025-07-08 19:32:05,266 - VideoDownloader - INFO - ä¸‹è½½ç›®å½•: C:\Users\EDY\Desktop\111\è§†é¢‘ä¸‹è½½\downloads
2025-07-08 19:32:05,266 - VideoDownloader - INFO - ä½¿ç”¨æ ¼å¼é€‰æ‹©å™¨: bestvideo[vcodec^=avc][height<=1080]+bestaudio[acodec=aac]/bestvideo[vcodec^=avc][height<=720]+bestaudio[acodec=aac]/bestvideo[vcodec^=avc]+bestaudio[acodec=aac]/best[vcodec^=avc]/worst[vcodec^=avc]
2025-07-08 19:32:05,988 - VideoDownloader - WARNING - æ— æ³•è·å–æ ¼å¼ä¿¡æ¯: [0;31mERROR:[0m [BiliBili] BV1DR3Cz9EXq: Requested format is not available. Use --list-formats for a list of available formats
2025-07-08 19:32:06,578 - VideoDownloader - ERROR - ä¸‹è½½è¿‡ç¨‹ä¸­å‡ºé”™: [0;31mERROR:[0m [BiliBili] BV1DR3Cz9EXq: Requested format is not available. Use --list-formats for a list of available formats
2025-07-08 19:32:06,579 - VideoDownloader - ERROR - ä¸‹è½½å¤±è´¥: [0;31mERROR:[0m [BiliBili] BV1DR3Cz9EXq: Requested format is not available. Use --list-formats for a list of available formats
2025-07-08 19:32:25,273 - VideoDownloader - INFO - ä½¿ç”¨ä¸‹è½½ç›®å½•: C:\Users\EDY\Desktop\111\è§†é¢‘ä¸‹è½½\downloads
2025-07-08 19:32:25,273 - VideoDownloader - INFO - Bç«™é“¾æ¥ï¼šä»…æ¥å—H.264ç¼–ç ï¼Œå®Œå…¨æ‹’ç»AV1/VP9ç­‰æ ¼å¼
2025-07-08 19:32:25,274 - VideoDownloader - INFO - å¼€å§‹ä¸‹è½½: download_1751974345273
2025-07-08 19:32:25,313 - VideoDownloader - INFO - å¼€å§‹ä¸‹è½½è§†é¢‘: https://www.bilibili.com/video/BV1rF3ez6EAK/?share_source=copy_web&vd_source=8680443e329d3339b7d76ade65c744ef
2025-07-08 19:32:25,313 - VideoDownloader - INFO - ä¸‹è½½ç›®å½•: C:\Users\EDY\Desktop\111\è§†é¢‘ä¸‹è½½\downloads
2025-07-08 19:32:25,313 - VideoDownloader - INFO - ä½¿ç”¨æ ¼å¼é€‰æ‹©å™¨: bestvideo[vcodec^=avc][height<=1080]+bestaudio[acodec=aac]/bestvideo[vcodec^=avc][height<=720]+bestaudio[acodec=aac]/bestvideo[vcodec^=avc]+bestaudio[acodec=aac]/best[vcodec^=avc]/worst[vcodec^=avc]
2025-07-08 19:32:25,979 - VideoDownloader - WARNING - æ— æ³•è·å–æ ¼å¼ä¿¡æ¯: [0;31mERROR:[0m [BiliBili] BV1rF3ez6EAK: Requested format is not available. Use --list-formats for a list of available formats
2025-07-08 19:32:26,539 - VideoDownloader - ERROR - ä¸‹è½½è¿‡ç¨‹ä¸­å‡ºé”™: [0;31mERROR:[0m [BiliBili] BV1rF3ez6EAK: Requested format is not available. Use --list-formats for a list of available formats
2025-07-08 19:32:26,540 - VideoDownloader - ERROR - ä¸‹è½½å¤±è´¥: [0;31mERROR:[0m [BiliBili] BV1rF3ez6EAK: Requested format is not available. Use --list-formats for a list of available formats
2025-07-08 19:32:32,151 - VideoDownloader - INFO - åº”ç”¨ç¨‹åºæ­£å¸¸é€€å‡º
2025-07-08 19:34:46,382 - VideoDownloader - INFO - é…ç½®æ–‡ä»¶åŠ è½½æˆåŠŸ: config/settings.ini
2025-07-08 19:34:46,383 - VideoDownloader - INFO - ==================================================
2025-07-08 19:34:46,383 - VideoDownloader - INFO - è§†é¢‘ä¸‹è½½å™¨å¯åŠ¨
2025-07-08 19:34:46,383 - VideoDownloader - INFO - ==================================================
2025-07-08 19:34:46,383 - VideoDownloader - INFO - ä¾èµ–é¡¹æ£€æŸ¥é€šè¿‡
2025-07-08 19:34:46,383 - VideoDownloader - INFO - ä½¿ç”¨ä¸‹è½½ç›®å½•: C:\Users\EDY\Desktop\111\è§†é¢‘ä¸‹è½½\downloads
2025-07-08 19:34:46,383 - VideoDownloader - INFO - å¯åŠ¨GUIç•Œé¢
2025-07-08 19:34:46,465 - VideoDownloader - INFO - æ£€æµ‹åˆ°ç³»ç»Ÿffmpegï¼Œæ”¯æŒé«˜è´¨é‡è§†é¢‘åˆå¹¶
2025-07-08 19:34:46,525 - VideoDownloader - INFO - ä½¿ç”¨ä¸‹è½½ç›®å½•: C:\Users\EDY\Desktop\111\è§†é¢‘ä¸‹è½½\downloads
2025-07-08 19:34:54,579 - VideoDownloader - INFO - ä½¿ç”¨ä¸‹è½½ç›®å½•: C:\Users\EDY\Desktop\111\è§†é¢‘ä¸‹è½½\downloads
2025-07-08 19:34:54,580 - VideoDownloader - INFO - Bç«™é“¾æ¥ï¼šä¼˜å…ˆH.264ç¼–ç ï¼Œå¦‚æ— åˆ™ä¸‹è½½å…¶ä»–æ ¼å¼å¹¶è‡ªåŠ¨è½¬æ¢
2025-07-08 19:34:54,581 - VideoDownloader - INFO - å¼€å§‹ä¸‹è½½: download_1751974494580
2025-07-08 19:34:54,827 - VideoDownloader - INFO - å¼€å§‹ä¸‹è½½è§†é¢‘: https://www.bilibili.com/video/BV1rF3ez6EAK/?share_source=copy_web&vd_source=8680443e329d3339b7d76ade65c744ef
2025-07-08 19:34:54,828 - VideoDownloader - INFO - ä¸‹è½½ç›®å½•: C:\Users\EDY\Desktop\111\è§†é¢‘ä¸‹è½½\downloads
2025-07-08 19:34:54,828 - VideoDownloader - INFO - ä½¿ç”¨æ ¼å¼é€‰æ‹©å™¨: bestvideo[vcodec^=avc][height<=1080]+bestaudio[acodec=aac]/bestvideo[vcodec^=avc][height<=720]+bestaudio[acodec=aac]/bestvideo[vcodec^=avc]+bestaudio/bestvideo[height<=1080]+bestaudio/best
2025-07-08 19:34:55,486 - VideoDownloader - INFO - å¯ç”¨æ ¼å¼ç¤ºä¾‹: id:30216 res:unknownp ext:m4a, id:30232 res:unknownp ext:m4a, id:30280 res:unknownp ext:m4a, id:100046 res:360p ext:mp4, id:30011 res:360p ext:mp4
2025-07-08 19:34:58,167 - VideoDownloader - INFO - ä¸‹è½½å®Œæˆ: 
2025-07-08 19:34:59,130 - VideoDownloader - INFO - ä¸‹è½½å®Œæˆ: 
2025-07-08 19:34:59,478 - VideoDownloader - INFO - ä¸‹è½½å®Œæˆ: ã€æ³°æ‹‰ç‘äºšã€‘å·¥å…·å¼€è’1.è¿™ä¸ªä¸–ç•Œæœ‰é‡‘å­—å¡”
2025-07-08 19:34:59,479 - VideoDownloader - INFO - æ–‡ä»¶ä¿å­˜æˆåŠŸ: C:\Users\EDY\Desktop\111\è§†é¢‘ä¸‹è½½\downloads\ã€æ³°æ‹‰ç‘äºšã€‘å·¥å…·å¼€è’1.è¿™ä¸ªä¸–ç•Œæœ‰é‡‘å­—å¡”\video\ã€æ³°æ‹‰ç‘äºšã€‘å·¥å…·å¼€è’1.è¿™ä¸ªä¸–ç•Œæœ‰é‡‘å­—å¡”.mp4
2025-07-08 19:34:59,479 - VideoDownloader - INFO - è§†é¢‘ä¿å­˜åœ¨æ–‡ä»¶å¤¹: C:\Users\EDY\Desktop\111\è§†é¢‘ä¸‹è½½\downloads\ã€æ³°æ‹‰ç‘äºšã€‘å·¥å…·å¼€è’1.è¿™ä¸ªä¸–ç•Œæœ‰é‡‘å­—å¡”\video
2025-07-08 19:34:59,548 - VideoDownloader - INFO - æ£€æµ‹åˆ°è§†é¢‘ç¼–ç æ ¼å¼: h264
2025-07-08 19:34:59,548 - VideoDownloader - INFO - è§†é¢‘å·²æ˜¯å…¼å®¹æ ¼å¼(h264)ï¼Œæ— éœ€è½¬æ¢
2025-07-08 19:35:17,194 - VideoDownloader - INFO - ä½¿ç”¨ä¸‹è½½ç›®å½•: C:\Users\EDY\Desktop\111\è§†é¢‘ä¸‹è½½\downloads
2025-07-08 19:35:17,195 - VideoDownloader - INFO - Bç«™é“¾æ¥ï¼šä¼˜å…ˆH.264ç¼–ç ï¼Œå¦‚æ— åˆ™ä¸‹è½½å…¶ä»–æ ¼å¼å¹¶è‡ªåŠ¨è½¬æ¢
2025-07-08 19:35:17,195 - VideoDownloader - INFO - å¼€å§‹ä¸‹è½½: download_1751974517195
2025-07-08 19:35:17,236 - VideoDownloader - INFO - å¼€å§‹ä¸‹è½½è§†é¢‘: https://www.bilibili.com/video/BV1DR3Cz9EXq/?share_source=copy_web&vd_source=8680443e329d3339b7d76ade65c744ef
2025-07-08 19:35:17,237 - VideoDownloader - INFO - ä¸‹è½½ç›®å½•: C:\Users\EDY\Desktop\111\è§†é¢‘ä¸‹è½½\downloads
2025-07-08 19:35:17,237 - VideoDownloader - INFO - ä½¿ç”¨æ ¼å¼é€‰æ‹©å™¨: bestvideo[vcodec^=avc][height<=1080]+bestaudio[acodec=aac]/bestvideo[vcodec^=avc][height<=720]+bestaudio[acodec=aac]/bestvideo[vcodec^=avc]+bestaudio/bestvideo[height<=1080]+bestaudio/best
2025-07-08 19:35:17,964 - VideoDownloader - INFO - å¯ç”¨æ ¼å¼ç¤ºä¾‹: id:30216 res:unknownp ext:m4a, id:30232 res:unknownp ext:m4a, id:30280 res:unknownp ext:m4a, id:100046 res:360p ext:mp4, id:30011 res:360p ext:mp4
2025-07-08 19:35:23,271 - VideoDownloader - INFO - ä¸‹è½½å®Œæˆ: 
2025-07-08 19:35:24,160 - VideoDownloader - INFO - ä¸‹è½½å®Œæˆ: 
2025-07-08 19:35:24,653 - VideoDownloader - INFO - ä¸‹è½½å®Œæˆ: è¿™å°±æ˜¯è¥é”€å·å¤©å¤©å¹çš„MC 2.0ï¼Ÿé…æ–¹å…¨éšæœºï¼Œè°æ¥äº†éƒ½å¾—æ‡µï¼
2025-07-08 19:35:24,653 - VideoDownloader - INFO - æ–‡ä»¶ä¿å­˜æˆåŠŸ: C:\Users\EDY\Desktop\111\è§†é¢‘ä¸‹è½½\downloads\è¿™å°±æ˜¯è¥é”€å·å¤©å¤©å¹çš„MC 2.0ï¼Ÿé…æ–¹å…¨éšæœºï¼Œè°æ¥äº†éƒ½å¾—æ‡µï¼\video\è¿™å°±æ˜¯è¥é”€å·å¤©å¤©å¹çš„MC 2.0ï¼Ÿé…æ–¹å…¨éšæœºï¼Œè°æ¥äº†éƒ½å¾—æ‡µï¼.mp4
2025-07-08 19:35:24,654 - VideoDownloader - INFO - è§†é¢‘ä¿å­˜åœ¨æ–‡ä»¶å¤¹: C:\Users\EDY\Desktop\111\è§†é¢‘ä¸‹è½½\downloads\è¿™å°±æ˜¯è¥é”€å·å¤©å¤©å¹çš„MC 2.0ï¼Ÿé…æ–¹å…¨éšæœºï¼Œè°æ¥äº†éƒ½å¾—æ‡µï¼\video
2025-07-08 19:35:24,723 - VideoDownloader - INFO - æ£€æµ‹åˆ°è§†é¢‘ç¼–ç æ ¼å¼: h264
2025-07-08 19:35:24,723 - VideoDownloader - INFO - è§†é¢‘å·²æ˜¯å…¼å®¹æ ¼å¼(h264)ï¼Œæ— éœ€è½¬æ¢
2025-07-08 19:35:52,199 - VideoDownloader - INFO - æ¸…é™¤äº† 2 ä¸ªå·²å®Œæˆçš„ä¸‹è½½ä»»åŠ¡
2025-07-08 19:35:53,443 - VideoDownloader - INFO - æ¸…é™¤äº† 0 ä¸ªå·²å®Œæˆçš„ä¸‹è½½ä»»åŠ¡
2025-07-08 19:35:53,683 - VideoDownloader - INFO - æ¸…é™¤äº† 0 ä¸ªå·²å®Œæˆçš„ä¸‹è½½ä»»åŠ¡
2025-07-08 19:35:53,906 - VideoDownloader - INFO - æ¸…é™¤äº† 0 ä¸ªå·²å®Œæˆçš„ä¸‹è½½ä»»åŠ¡
2025-07-08 19:36:04,946 - VideoDownloader - INFO - åº”ç”¨ç¨‹åºæ­£å¸¸é€€å‡º
2025-07-08 19:39:37,599 - VideoDownloader - INFO - é…ç½®æ–‡ä»¶åŠ è½½æˆåŠŸ: config/settings.ini
2025-07-08 19:39:37,600 - VideoDownloader - INFO - ==================================================
2025-07-08 19:39:37,600 - VideoDownloader - INFO - è§†é¢‘ä¸‹è½½å™¨å¯åŠ¨
2025-07-08 19:39:37,600 - VideoDownloader - INFO - ==================================================
2025-07-08 19:39:37,600 - VideoDownloader - INFO - ä¾èµ–é¡¹æ£€æŸ¥é€šè¿‡
2025-07-08 19:39:37,600 - VideoDownloader - INFO - ä½¿ç”¨ä¸‹è½½ç›®å½•: C:\Users\EDY\Desktop\111\è§†é¢‘ä¸‹è½½\downloads
2025-07-08 19:39:37,600 - VideoDownloader - INFO - å¯åŠ¨GUIç•Œé¢
2025-07-08 19:39:37,680 - VideoDownloader - INFO - æ£€æµ‹åˆ°ç³»ç»Ÿffmpegï¼Œæ”¯æŒé«˜è´¨é‡è§†é¢‘åˆå¹¶
2025-07-08 19:39:37,738 - VideoDownloader - INFO - ä½¿ç”¨ä¸‹è½½ç›®å½•: C:\Users\EDY\Desktop\111\è§†é¢‘ä¸‹è½½\downloads
2025-07-08 19:43:06,636 - VideoDownloader - INFO - é…ç½®æ–‡ä»¶åŠ è½½æˆåŠŸ: config/settings.ini
2025-07-08 19:43:06,636 - VideoDownloader - INFO - ==================================================
2025-07-08 19:43:06,636 - VideoDownloader - INFO - è§†é¢‘ä¸‹è½½å™¨å¯åŠ¨
2025-07-08 19:43:06,636 - VideoDownloader - INFO - ==================================================
2025-07-08 19:43:06,636 - VideoDownloader - INFO - ä¾èµ–é¡¹æ£€æŸ¥é€šè¿‡
2025-07-08 19:43:06,636 - VideoDownloader - INFO - ä½¿ç”¨ä¸‹è½½ç›®å½•: C:\Users\EDY\Desktop\111\è§†é¢‘ä¸‹è½½\downloads
2025-07-08 19:43:06,636 - VideoDownloader - INFO - å¯åŠ¨GUIç•Œé¢
2025-07-08 19:43:06,718 - VideoDownloader - INFO - æ£€æµ‹åˆ°ç³»ç»Ÿffmpegï¼Œæ”¯æŒé«˜è´¨é‡è§†é¢‘åˆå¹¶
2025-07-08 19:43:06,778 - VideoDownloader - INFO - ä½¿ç”¨ä¸‹è½½ç›®å½•: C:\Users\EDY\Desktop\111\è§†é¢‘ä¸‹è½½\downloads
2025-07-08 19:47:02,796 - VideoDownloader - INFO - åº”ç”¨ç¨‹åºæ­£å¸¸é€€å‡º
