2025-07-10 15:24:06,711 - VideoDownloader - INFO - 配置文件加载成功: config/settings.ini
2025-07-10 15:24:06,711 - VideoDownloader - INFO - ==================================================
2025-07-10 15:24:06,711 - VideoDownloader - INFO - 视频下载器终端版启动
2025-07-10 15:24:06,711 - VideoDownloader - INFO - ==================================================
2025-07-10 15:24:44,275 - VideoDownloader - INFO - 配置文件加载成功: config/settings.ini
2025-07-10 15:24:44,275 - VideoDownloader - INFO - ==================================================
2025-07-10 15:24:44,281 - VideoDownloader - INFO - 视频下载器终端版启动
2025-07-10 15:24:44,281 - VideoDownloader - INFO - ==================================================
2025-07-10 15:32:04,400 - VideoDownloader - INFO - 配置文件加载成功: config/settings.ini
2025-07-10 15:32:04,400 - VideoDownloader - INFO - ==================================================
2025-07-10 15:32:04,400 - VideoDownloader - INFO - 视频下载器终端版启动
2025-07-10 15:32:04,400 - VideoDownloader - INFO - ==================================================
2025-07-10 15:32:04,401 - VideoDownloader - INFO - 依赖项检查通过
2025-07-10 15:32:04,401 - VideoDownloader - INFO - 使用下载目录: C:\Users\EDY\Desktop\111\视频下载\downloads
2025-07-10 15:32:43,566 - VideoDownloader - INFO - 配置文件加载成功: config/settings.ini
2025-07-10 15:32:43,566 - VideoDownloader - INFO - ==================================================
2025-07-10 15:32:43,566 - VideoDownloader - INFO - 视频下载器终端版启动
2025-07-10 15:32:43,566 - VideoDownloader - INFO - ==================================================
2025-07-10 15:32:43,567 - VideoDownloader - INFO - 依赖项检查通过
2025-07-10 15:32:43,567 - VideoDownloader - INFO - 使用下载目录: C:\Users\EDY\Desktop\111\视频下载\downloads
2025-07-10 15:34:10,218 - VideoDownloader - INFO - 配置文件加载成功: config/settings.ini
2025-07-10 15:34:10,218 - VideoDownloader - INFO - ==================================================
2025-07-10 15:34:10,218 - VideoDownloader - INFO - 视频下载器终端版启动
2025-07-10 15:34:10,218 - VideoDownloader - INFO - ==================================================
2025-07-10 15:34:10,219 - VideoDownloader - INFO - 依赖项检查通过
2025-07-10 15:34:10,219 - VideoDownloader - INFO - 使用下载目录: C:\Users\EDY\Desktop\111\视频下载\downloads
2025-07-10 15:34:14,786 - VideoDownloader - INFO - 配置文件加载成功: config/settings.ini
2025-07-10 15:34:14,786 - VideoDownloader - INFO - ==================================================
2025-07-10 15:34:14,786 - VideoDownloader - INFO - 视频下载器终端版启动
2025-07-10 15:34:14,786 - VideoDownloader - INFO - ==================================================
2025-07-10 15:34:14,787 - VideoDownloader - INFO - 依赖项检查通过
2025-07-10 15:34:14,787 - VideoDownloader - INFO - 使用下载目录: C:\Users\EDY\Desktop\111\视频下载\downloads
2025-07-10 15:46:07,686 - VideoDownloader - INFO - 配置文件加载成功: config/settings.ini
2025-07-10 15:46:07,686 - VideoDownloader - INFO - ==================================================
2025-07-10 15:46:07,686 - VideoDownloader - INFO - 视频下载器终端版启动
2025-07-10 15:46:07,686 - VideoDownloader - INFO - ==================================================
2025-07-10 15:46:07,687 - VideoDownloader - INFO - 依赖项检查通过
2025-07-10 15:46:07,687 - VideoDownloader - INFO - 使用下载目录: C:\Users\EDY\Desktop\111\视频下载\downloads
2025-07-10 15:46:24,002 - VideoDownloader - INFO - 配置文件加载成功: config/settings.ini
2025-07-10 15:46:24,002 - VideoDownloader - INFO - ==================================================
2025-07-10 15:46:24,002 - VideoDownloader - INFO - 视频下载器终端版启动
2025-07-10 15:46:24,002 - VideoDownloader - INFO - ==================================================
2025-07-10 15:46:24,003 - VideoDownloader - INFO - 依赖项检查通过
2025-07-10 15:46:24,003 - VideoDownloader - INFO - 使用下载目录: C:\Users\EDY\Desktop\111\视频下载\downloads
2025-07-10 15:46:57,113 - VideoDownloader - INFO - 配置文件加载成功: config/settings.ini
2025-07-10 15:46:57,114 - VideoDownloader - INFO - ==================================================
2025-07-10 15:46:57,114 - VideoDownloader - INFO - 视频下载器终端版启动
2025-07-10 15:46:57,114 - VideoDownloader - INFO - ==================================================
2025-07-10 15:47:16,954 - VideoDownloader - INFO - 配置文件加载成功: config/settings.ini
2025-07-10 15:47:16,955 - VideoDownloader - INFO - ==================================================
2025-07-10 15:47:16,955 - VideoDownloader - INFO - 视频下载器终端版启动
2025-07-10 15:47:16,955 - VideoDownloader - INFO - ==================================================
2025-07-10 15:52:43,589 - VideoDownloader - INFO - 配置文件加载成功: config/settings.ini
2025-07-10 15:52:43,589 - VideoDownloader - INFO - ==================================================
2025-07-10 15:52:43,589 - VideoDownloader - INFO - 视频下载器终端版启动
2025-07-10 15:52:43,590 - VideoDownloader - INFO - ==================================================
2025-07-10 15:52:43,591 - VideoDownloader - INFO - 依赖项检查通过
2025-07-10 15:52:43,591 - VideoDownloader - INFO - 使用下载目录: C:\Users\EDY\Desktop\111\视频下载\downloads
2025-07-10 15:53:07,945 - VideoDownloader - INFO - 配置文件加载成功: config/settings.ini
2025-07-10 15:53:07,945 - VideoDownloader - INFO - ==================================================
2025-07-10 15:53:07,945 - VideoDownloader - INFO - 视频下载器终端版启动
2025-07-10 15:53:07,945 - VideoDownloader - INFO - ==================================================
2025-07-10 15:53:59,062 - VideoDownloader - INFO - 配置文件加载成功: config/settings.ini
2025-07-10 15:53:59,062 - VideoDownloader - INFO - ==================================================
2025-07-10 15:53:59,062 - VideoDownloader - INFO - 视频下载器终端版启动
2025-07-10 15:53:59,062 - VideoDownloader - INFO - ==================================================
2025-07-10 15:54:11,817 - VideoDownloader - INFO - 配置文件加载成功: config/settings.ini
2025-07-10 15:54:11,817 - VideoDownloader - INFO - ==================================================
2025-07-10 15:54:11,818 - VideoDownloader - INFO - 视频下载器终端版启动
2025-07-10 15:54:11,818 - VideoDownloader - INFO - ==================================================
2025-07-10 15:54:11,819 - VideoDownloader - INFO - 依赖项检查通过
2025-07-10 15:54:11,819 - VideoDownloader - INFO - 使用下载目录: C:\Users\EDY\Desktop\111\视频下载\downloads
2025-07-10 16:04:09,089 - VideoDownloader - INFO - 配置文件加载成功: config/settings.ini
2025-07-10 16:04:09,089 - VideoDownloader - INFO - ==================================================
2025-07-10 16:04:09,089 - VideoDownloader - INFO - 视频下载器交互式终端版启动
2025-07-10 16:04:09,089 - VideoDownloader - INFO - ==================================================
2025-07-10 16:04:09,090 - VideoDownloader - INFO - 使用下载目录: C:\Users\EDY\Desktop\111\视频下载\downloads
2025-07-10 16:04:11,276 - VideoDownloader - INFO - 检测到系统ffmpeg，支持高质量视频合并
2025-07-10 16:04:11,276 - VideoDownloader - INFO - 使用下载目录: C:\Users\EDY\Desktop\111\视频下载\downloads
2025-07-10 16:04:25,698 - VideoDownloader - INFO - 配置文件加载成功: config/settings.ini
2025-07-10 16:04:25,699 - VideoDownloader - INFO - ==================================================
2025-07-10 16:04:25,699 - VideoDownloader - INFO - 视频下载器交互式终端版启动
2025-07-10 16:04:25,699 - VideoDownloader - INFO - ==================================================
2025-07-10 16:04:25,699 - VideoDownloader - INFO - 使用下载目录: C:\Users\EDY\Desktop\111\视频下载\downloads
2025-07-10 16:04:25,756 - VideoDownloader - INFO - 检测到系统ffmpeg，支持高质量视频合并
2025-07-10 16:04:25,756 - VideoDownloader - INFO - 使用下载目录: C:\Users\EDY\Desktop\111\视频下载\downloads
2025-07-10 16:08:09,834 - VideoDownloader - INFO - 配置文件加载成功: config/settings.ini
2025-07-10 16:08:09,834 - VideoDownloader - INFO - ==================================================
2025-07-10 16:08:09,835 - VideoDownloader - INFO - 视频下载器交互式终端版启动
2025-07-10 16:08:09,835 - VideoDownloader - INFO - ==================================================
2025-07-10 16:08:09,835 - VideoDownloader - INFO - 使用下载目录: C:\Users\EDY\Desktop\111\视频下载\downloads
2025-07-10 16:08:09,888 - VideoDownloader - INFO - 检测到系统ffmpeg，支持高质量视频合并
2025-07-10 16:08:09,888 - VideoDownloader - INFO - 使用下载目录: C:\Users\EDY\Desktop\111\视频下载\downloads
